<?xml version="1.0" encoding="UTF-8"?>
<!-- Generated by org.testng.reporters.JUnitXMLReporter -->
<testsuite hostname="iball-PC" ignored="0" name="TC_12: Validate Tax Amount  " tests="2" failures="1" timestamp="17 Oct 2018 06:32:44 GMT" time="325.48" errors="0">
  <testcase name="ValidateTax" time="135.649" classname="com.index.ValidateTax_Index">
    <skipped/>
  </testcase> <!-- ValidateTax -->
  <testcase name="ValidateTax" time="145.347" classname="com.index.ValidateTax_Index">
    <failure type="org.openqa.selenium.WebDriverException" message="unknown error: Element &amp;lt;input name=&amp;quot;shipping_method&amp;quot; type=&amp;quot;radio&amp;quot; data-bind=&amp;quot;
                                                value: method.carrier_code + &amp;apos;_&amp;apos; + method.method_code,
                                                checked: $parent.isSelected,
                                                attr: {
                                                    &amp;apos;id&amp;apos;: &amp;apos;s_method_&amp;apos; + method.carrier_code + &amp;apos;_&amp;apos; + method.method_code,
                                                    &amp;apos;aria-labelledby&amp;apos;: &amp;apos;label_method_&amp;apos; + method.method_code + &amp;apos;_&amp;apos; + method.carrier_code + &amp;apos; &amp;apos; + &amp;apos;label_carrier_&amp;apos; + method.method_code + &amp;apos;_&amp;apos; + method.carrier_code
                                                },
                                                click: $parent.selectShippingMethod&amp;quot; class=&amp;quot;radio&amp;quot; value=&amp;quot;amstrates_amstrates21&amp;quot; id=&amp;quot;s_method_amstrates_amstrates21&amp;quot; aria-labelledby=&amp;quot;label_method_amstrates21_amstrates label_carrier_amstrates21_amstrates&amp;quot; style=&amp;quot;border: 3px solid yellow;&amp;quot;&amp;gt; is not clickable at point (346, 898). Other element would receive the click: &amp;lt;div class=&amp;quot;modals-overlay&amp;quot; style=&amp;quot;z-index: 899;&amp;quot;&amp;gt;&amp;lt;/div&amp;gt;
  (Session info: chrome=69.0.3497.100)
  (Driver info: chromedriver=2.37.544315 (730aa6a5fdba159ac9f4c1e8cbc59bf1b5ce12b7),platform=Windows NT 6.1.7600 x86_64) (WARNING: The server did not provide any stacktrace information)
Command duration or timeout: 66 milliseconds
Build info: version: &amp;apos;2.53.1&amp;apos;, revision: &amp;apos;a36b8b1&amp;apos;, time: &amp;apos;2016-06-30 17:37:03&amp;apos;
System info: host: &amp;apos;iball-PC&amp;apos;, ip: &amp;apos;192.168.1.152&amp;apos;, os.name: &amp;apos;Windows 7&amp;apos;, os.arch: &amp;apos;amd64&amp;apos;, os.version: &amp;apos;6.1&amp;apos;, java.version: &amp;apos;1.8.0-ea&amp;apos;
Driver info: org.openqa.selenium.chrome.ChromeDriver
Capabilities [{applicationCacheEnabled=false, rotatable=false, mobileEmulationEnabled=false, networkConnectionEnabled=false, chrome={chromedriverVersion=2.37.544315 (730aa6a5fdba159ac9f4c1e8cbc59bf1b5ce12b7), userDataDir=C:\Users\IBALL~1\AppData\Local\Temp\scoped_dir7488_21083}, takesHeapSnapshot=true, pageLoadStrategy=normal, databaseEnabled=false, handlesAlerts=true, hasTouchScreen=false, version=69.0.3497.100, platform=XP, browserConnectionEnabled=false, nativeEvents=true, acceptSslCerts=false, acceptInsecureCerts=false, locationContextEnabled=true, webStorageEnabled=true, browserName=chrome, takesScreenshot=true, javascriptEnabled=true, cssSelectorsEnabled=true, setWindowRect=true, unexpectedAlertBehaviour=}]
Session ID: 6948856d2993478f65f227b8f3d6f259
Command duration or timeout: 0 milliseconds">
      <![CDATA[org.openqa.selenium.WebDriverException: unknown error: Element <input name="shipping_method" type="radio" data-bind="                                                value: method.carrier_code + '_' + method.method_code,                                                checked: $parent.isSelected,                                                attr: {                                                    'id': 's_method_' + method.carrier_code + '_' + method.method_code,                                                    'aria-labelledby': 'label_method_' + method.method_code + '_' + method.carrier_code + ' ' + 'label_carrier_' + method.method_code + '_' + method.carrier_code                                                },                                                click: $parent.selectShippingMethod" class="radio" value="amstrates_amstrates21" id="s_method_amstrates_amstrates21" aria-labelledby="label_method_amstrates21_amstrates label_carrier_amstrates21_amstrates" style="border: 3px solid yellow;"> is not clickable at point (346, 898). Other element would receive the click: <div class="modals-overlay" style="z-index: 899;"></div>  (Session info: chrome=69.0.3497.100)  (Driver info: chromedriver=2.37.544315 (730aa6a5fdba159ac9f4c1e8cbc59bf1b5ce12b7),platform=Windows NT 6.1.7600 x86_64) (WARNING: The server did not provide any stacktrace information)Command duration or timeout: 66 millisecondsBuild info: version: '2.53.1', revision: 'a36b8b1', time: '2016-06-30 17:37:03'System info: host: 'iball-PC', ip: '192.168.1.152', os.name: 'Windows 7', os.arch: 'amd64', os.version: '6.1', java.version: '1.8.0-ea'Driver info: org.openqa.selenium.chrome.ChromeDriverCapabilities [{applicationCacheEnabled=false, rotatable=false, mobileEmulationEnabled=false, networkConnectionEnabled=false, chrome={chromedriverVersion=2.37.544315 (730aa6a5fdba159ac9f4c1e8cbc59bf1b5ce12b7), userDataDir=C:\Users\IBALL~1\AppData\Local\Temp\scoped_dir7488_21083}, takesHeapSnapshot=true, pageLoadStrategy=normal, databaseEnabled=false, handlesAlerts=true, hasTouchScreen=false, version=69.0.3497.100, platform=XP, browserConnectionEnabled=false, nativeEvents=true, acceptSslCerts=false, acceptInsecureCerts=false, locationContextEnabled=true, webStorageEnabled=true, browserName=chrome, takesScreenshot=true, javascriptEnabled=true, cssSelectorsEnabled=true, setWindowRect=true, unexpectedAlertBehaviour=}]Session ID: 6948856d2993478f65f227b8f3d6f259Command duration or timeout: 0 millisecondsat sun.reflect.NativeConstructorAccessorImpl.newInstance0(Native Method)at sun.reflect.NativeConstructorAccessorImpl.newInstance(NativeConstructorAccessorImpl.java:57)at sun.reflect.DelegatingConstructorAccessorImpl.newInstance(DelegatingConstructorAccessorImpl.java:45)at java.lang.reflect.Constructor.newInstance(Constructor.java:406)at org.openqa.selenium.remote.ErrorHandler.createThrowable(ErrorHandler.java:214)at org.openqa.selenium.remote.ErrorHandler.throwIfResponseFailed(ErrorHandler.java:166)at org.openqa.selenium.remote.http.JsonHttpResponseCodec.reconstructValue(JsonHttpResponseCodec.java:40)at org.openqa.selenium.remote.http.AbstractHttpResponseCodec.decode(AbstractHttpResponseCodec.java:80)at org.openqa.selenium.remote.http.AbstractHttpResponseCodec.decode(AbstractHttpResponseCodec.java:44)at org.openqa.selenium.remote.HttpCommandExecutor.execute(HttpCommandExecutor.java:158)at org.openqa.selenium.remote.RemoteWebDriver.execute(RemoteWebDriver.java:548)at org.openqa.selenium.remote.RemoteWebElement.execute(RemoteWebElement.java:276)at org.openqa.selenium.remote.RemoteWebElement.click(RemoteWebElement.java:83)at com.init.Common.clickOn(Common.java:635)at com.indexpage.ValidateTax_GeneralindexPage.Shipping_Customer(ValidateTax_GeneralindexPage.java:329)at com.index.ValidateTax_Index.ValidateTax(ValidateTax_Index.java:111)at sun.reflect.NativeMethodAccessorImpl.invoke0(Native Method)at sun.reflect.NativeMethodAccessorImpl.invoke(NativeMethodAccessorImpl.java:57)at sun.reflect.DelegatingMethodAccessorImpl.invoke(DelegatingMethodAccessorImpl.java:43)at java.lang.reflect.Method.invoke(Method.java:483)at org.testng.internal.MethodInvocationHelper.invokeMethod(MethodInvocationHelper.java:124)at org.testng.internal.Invoker.invokeMethod(Invoker.java:571)at org.testng.internal.Invoker.retryFailed(Invoker.java:829)at org.testng.internal.Invoker.invokeTestMethods(Invoker.java:1000)at org.testng.internal.TestMethodWorker.invokeTestMethods(TestMethodWorker.java:125)at org.testng.internal.TestMethodWorker.run(TestMethodWorker.java:109)at org.testng.TestRunner.privateRun(TestRunner.java:648)at org.testng.TestRunner.run(TestRunner.java:505)at org.testng.SuiteRunner.runTest(SuiteRunner.java:455)at org.testng.SuiteRunner.runSequentially(SuiteRunner.java:450)at org.testng.SuiteRunner.privateRun(SuiteRunner.java:415)at org.testng.SuiteRunner.run(SuiteRunner.java:364)at org.testng.SuiteRunnerWorker.runSuite(SuiteRunnerWorker.java:52)at org.testng.SuiteRunnerWorker.run(SuiteRunnerWorker.java:84)at org.testng.TestNG.runSuitesSequentially(TestNG.java:1187)at org.testng.TestNG.runSuitesLocally(TestNG.java:1116)at org.testng.TestNG.runSuites(TestNG.java:1028)at org.testng.TestNG.run(TestNG.java:996)at org.testng.remote.AbstractRemoteTestNG.run(AbstractRemoteTestNG.java:114)at org.testng.remote.RemoteTestNG.initAndRun(RemoteTestNG.java:251)at org.testng.remote.RemoteTestNG.main(RemoteTestNG.java:77)Caused by: org.openqa.selenium.remote.ScreenshotException: Screen shot has been takenat org.openqa.selenium.remote.ErrorHandler.throwIfResponseFailed(ErrorHandler.java:140)... 35 moreCaused by: org.openqa.selenium.WebDriverException: unknown error: Element <input name="shipping_method" type="radio" data-bind="                                                value: method.carrier_code + '_' + method.method_code,                                                checked: $parent.isSelected,                                                attr: {                                                    'id': 's_method_' + method.carrier_code + '_' + method.method_code,                                                    'aria-labelledby': 'label_method_' + method.method_code + '_' + method.carrier_code + ' ' + 'label_carrier_' + method.method_code + '_' + method.carrier_code                                                },                                                click: $parent.selectShippingMethod" class="radio" value="amstrates_amstrates21" id="s_method_amstrates_amstrates21" aria-labelledby="label_method_amstrates21_amstrates label_carrier_amstrates21_amstrates" style="border: 3px solid yellow;"> is not clickable at point (346, 898). Other element would receive the click: <div class="modals-overlay" style="z-index: 899;"></div>  (Session info: chrome=69.0.3497.100)  (Driver info: chromedriver=2.37.544315 (730aa6a5fdba159ac9f4c1e8cbc59bf1b5ce12b7),platform=Windows NT 6.1.7600 x86_64) (WARNING: The server did not provide any stacktrace information)Command duration or timeout: 66 millisecondsBuild info: version: '2.53.1', revision: 'a36b8b1', time: '2016-06-30 17:37:03'System info: host: 'iball-PC', ip: '192.168.1.152', os.name: 'Windows 7', os.arch: 'amd64', os.version: '6.1', java.version: '1.8.0-ea'Driver info: org.openqa.selenium.chrome.ChromeDriverCapabilities [{applicationCacheEnabled=false, rotatable=false, mobileEmulationEnabled=false, networkConnectionEnabled=false, chrome={chromedriverVersion=2.37.544315 (730aa6a5fdba159ac9f4c1e8cbc59bf1b5ce12b7), userDataDir=C:\Users\IBALL~1\AppData\Local\Temp\scoped_dir7488_21083}, takesHeapSnapshot=true, pageLoadStrategy=normal, databaseEnabled=false, handlesAlerts=true, hasTouchScreen=false, version=69.0.3497.100, platform=XP, browserConnectionEnabled=false, nativeEvents=true, acceptSslCerts=false, acceptInsecureCerts=false, locationContextEnabled=true, webStorageEnabled=true, browserName=chrome, takesScreenshot=true, javascriptEnabled=true, cssSelectorsEnabled=true, setWindowRect=true, unexpectedAlertBehaviour=}]Session ID: 6948856d2993478f65f227b8f3d6f259Build info: version: '3.14.0', revision: 'aacccce0', time: '2018-08-02T20:19:58.91Z'System info: host: 'IBALL-PC', ip: '192.168.1.152', os.name: 'Windows 7', os.arch: 'amd64', os.version: '6.1', java.version: '1.8.0-ea'Driver info: driver.version: RemoteWebDriverat sun.reflect.NativeConstructorAccessorImpl.newInstance0(Native Method)at sun.reflect.NativeConstructorAccessorImpl.newInstance(Unknown Source)at sun.reflect.DelegatingConstructorAccessorImpl.newInstance(Unknown Source)at java.lang.reflect.Constructor.newInstance(Unknown Source)at org.openqa.selenium.remote.ErrorHandler.createThrowable(ErrorHandler.java:206)at org.openqa.selenium.remote.ErrorHandler.throwIfResponseFailed(ErrorHandler.java:158)at org.openqa.selenium.remote.RemoteWebDriver.execute(RemoteWebDriver.java:678)at org.openqa.selenium.remote.RemoteWebElement.execute(RemoteWebElement.java:327)at org.openqa.selenium.remote.RemoteWebElement.click(RemoteWebElement.java:85)at sun.reflect.GeneratedMethodAccessor11.invoke(Unknown Source)at sun.reflect.DelegatingMethodAccessorImpl.invoke(Unknown Source)at java.lang.reflect.Method.invoke(Unknown Source)at org.openqa.selenium.support.events.EventFiringWebDriver$EventFiringWebElement$1.invoke(EventFiringWebDriver.java:335)at com.sun.proxy.$Proxy2.click(Unknown Source)at org.openqa.selenium.support.events.EventFiringWebDriver$EventFiringWebElement.click(EventFiringWebDriver.java:348)at sun.reflect.GeneratedMethodAccessor11.invoke(Unknown Source)at sun.reflect.DelegatingMethodAccessorImpl.invoke(Unknown Source)at java.lang.reflect.Method.invoke(Unknown Source)at org.openqa.selenium.remote.server.KnownElements$1.invoke(KnownElements.java:64)at com.sun.proxy.$Proxy3.click(Unknown Source)at org.openqa.selenium.remote.server.handler.ClickElement.call(ClickElement.java:30)at org.openqa.selenium.remote.server.handler.ClickElement.call(ClickElement.java:1)at java.util.concurrent.FutureTask.run(Unknown Source)at org.openqa.selenium.remote.server.DefaultSession$1.run(DefaultSession.java:176)at java.util.concurrent.ThreadPoolExecutor.runWorker(Unknown Source)at java.util.concurrent.ThreadPoolExecutor$Worker.run(Unknown Source)at java.lang.Thread.run(Unknown Source)]]>
    </failure>
  </testcase> <!-- ValidateTax -->
</testsuite> <!-- TC_12: Validate Tax Amount   -->
