<html>
<head>
<title>TestNG:  TC_11: Validate Payment Method  </title>
<link href="../testng.css" rel="stylesheet" type="text/css" />
<link href="../my-testng.css" rel="stylesheet" type="text/css" />

<style type="text/css">
.log { display: none;} 
.stack-trace { display: none;} 
</style>
<script type="text/javascript">
<!--
function flip(e) {
  current = e.style.display;
  if (current == 'block') {
    e.style.display = 'none';
    return 0;
  }
  else {
    e.style.display = 'block';
    return 1;
  }
}

function toggleBox(szDivId, elem, msg1, msg2)
{
  var res = -1;  if (document.getElementById) {
    res = flip(document.getElementById(szDivId));
  }
  else if (document.all) {
    // this is the way old msie versions work
    res = flip(document.all[szDivId]);
  }
  if(elem) {
    if(res == 0) elem.innerHTML = msg1; else elem.innerHTML = msg2;
  }

}

function toggleAllBoxes() {
  if (document.getElementsByTagName) {
    d = document.getElementsByTagName('div');
    for (i = 0; i < d.length; i++) {
      if (d[i].className == 'log') {
        flip(d[i]);
      }
    }
  }
}

// -->
</script>

</head>
<body>
<h2 align='center'>TC_11: Validate Payment Method  </h2><table border='1' align="center">
<tr>
<td>Tests passed/Failed/Skipped:</td><td>0/1/1</td>
</tr><tr>
<td>Started on:</td><td>Mon Oct 22 17:38:12 IST 2018</td>
</tr>
<tr><td>Total time:</td><td>1082 seconds (1082269 ms)</td>
</tr><tr>
<td>Included groups:</td><td></td>
</tr><tr>
<td>Excluded groups:</td><td></td>
</tr>
</table><p/>
<small><i>(Hover the method name to see the test class name)</i></small><p/>
<table width='100%' border='1' class='invocation-failed'>
<tr><td colspan='4' align='center'><b>FAILED TESTS</b></td></tr>
<tr><td><b>Test method</b></td>
<td width="30%"><b>Exception</b></td>
<td width="10%"><b>Time (seconds)</b></td>
<td><b>Instance</b></td>
</tr>
<tr>
<td title='com.index.ValidatePaymentMethod_Index.ValidatePaymentMethod()'><b>ValidatePaymentMethod</b><br>Test class: com.index.ValidatePaymentMethod_Index<br/>
<a href="#Output-1659282412" onClick='toggleBox("Output-1659282412", this, "Show output", "Hide output");'>Show output</a>

<a href="#Output-1659282412" onClick="toggleAllBoxes();">Show all outputs</a>
<div class='log' id="Output-1659282412">
<strong> <h3 style="color:#FFA500"> Test Scenario 11: Validate Payment Method[Credit Card, Paypal & Open Account]</h3> </strong><br/>
<strong> <h3 style="color:#FF0000"> Time and Date of Test Execution2018-10-22  17:47:28</h3> </strong><br/>
<strong> <h3 style="color:#FF0000"> Validate Payment Method======>Paypal</br></h3> </strong><br/>
<strong> <h3 style="color:Blue"> Step 1 : Open URL is: https://promed-dev-scripco-refapp.accorin.us/</a></h3> </strong><br/>
<strong> <h3 style="color:Blue"> To Verify that Home Page is Displayed</br></h3> </strong><br/>
<br><strong>Step :2 Open the Application</br></strong></br><br/>
<strong> <h3 style="color:Blue"> Welcome Msg is Displayed ====>: WELCOME TO OUR NEW SITE</h3> </strong><br/>
<br></br> <Strong><font color=#008000><b> &#10004 PASS</b></font></strong><br/>
===>Home page is opened and Logo is Matched</br><br/>
<br><strong>Step :3 Click on I User Logo </br></strong></br><br/>
<br><strong>Step :4 Click on Create New Account </br></strong></br><br/>
<strong> <h3 style="color:Blue"> Verify that without filling details and click on Create New Account a Error Message Appeared</br></h3> </strong><br/>
<br><strong>Without Entering Details and Click on Create New Account Button===>This is a required field.</strong></br><br/>
<br></br> <Strong><font color=#008000><b> &#10004 PASS</b></font></strong><br/>
===>User Cannot Create a Account without entering a Details</br><br/>
<br><strong>Step :5 Click on I Uer Logo </br></strong></br><br/>
<br><strong>Step :6 Click on Create New Account </br></strong></br><br/>
<br><strong>Step :7 Enter the Details under Create New Account and click on create new Account </br></strong></br><br/>
<br><strong>Enter First Name :===> Paul</strong></br><br/>
<br><strong>Enter Last Name :===> williams</strong></br><br/>
<br><strong>Click on Sign Up For Newsletter Check Box</strong></br><br/>
<br><strong>Type the graudation date===>09/11/2015</strong></br><br/>
<br><strong>Type the email id ===>prashantp+9437744@accorin.com</br></strong></br><br/>
<br><strong>Type the password ===>baps@200</strong></br><br/>
<br><strong>Type the same password under confirm password ===>baps@200</strong></br><br/>
<br><strong>After filling all the details click on Create A Account</strong></br><br/>
<strong> <h3 style="color:Blue"> Show the Confirmation Message after Formed is Filled</br></h3> </strong><br/>
<br><strong>Confirmation Message is Displayed===>Thank you for registering with ProMed Xpress Products.</br></strong></br><br/>
<br></br> <Strong><font color=#008000><b> &#10004 PASS</b></font></strong><br/>
===>Confirmation Message is Displayed</br><br/>
<br><strong>User Name Shoud Display===>Welcome, Paul!</strong></br><br/>
<br></br> <Strong><font color=#008000><b> &#10004 PASS</b></font></strong><br/>
===>User Home Page is Appeared with the Welcome Message</br><br/>
<br><strong>Step :8 Click on I Uer Logo </br></strong></br><br/>
<br><strong>Step :9 Click on Logout option </br></strong></br><br/>
<br><strong>Step :10 Mouse Over to Mobility in Home Page </br></strong></br><br/>
<br><strong>Step :11 Click on Geri_Chairs under Mobility </br></strong></br><br/>
<br><strong>Step :12 Click on Add to Cart Button </br></strong></br><br/>
<br><strong>Step :13 Click on My Cart Option </br></strong></br><br/>
<strong> <h3 style="color:Blue">  Verify that the Product which has been Selected is showing under My Cart Option</h3> </strong><br/>
<br><strong>Item Selected in the Page Matches Item in the Cart : Double Sided Security Bed Rails 18"X20"</strong></br><br/>
Converting String to Int of Original Price : 132.28<br/>
<br><strong>=========>Converting Double to Integer<=======</strong></br><br/>
<br><strong>Item Selected in the Page : Double Sided Security Bed Rails 18"X20"</strong></br><br/>
Converting String to Int of Original Price : 132.28<br/>
<strong> <h3 style="color:Blue"> Comparing the two Items</h3> </strong><br/>
<br><strong>Item Selected and Item in My Cart Matches</strong></br><br/>
<br></br> <Strong><font color=#008000><b> &#10004 PASS</b></font></strong><br/>
<strong> <h3 style="color:Blue"> Price Comparing</h3> </strong><br/>
<br><strong>Item Selected and Item in My Cart Price Matches</strong></br><br/>
<br></br> <Strong><font color=#008000><b> &#10004 PASS</b></font></strong><br/>
===>Product and Price Verified in My Cart</br><br/>
<strong> <h3 style="color:Blue"> Item Quantity Verified</h3> </strong><br/>
<br><strong>Total Quantity of Product is Displayed : 1</strong></br><br/>
<br></br> <Strong><font color=#008000><b> &#10004 PASS</b></font></strong><br/>
===>Product Item is Same as Selected</br><br/>
<br><strong>Step :14 Click on CheckOut Option under My Cart</br></strong></br><br/>
<strong> <h3 style="color:#FFA500"> Filling the Shipping Information of the Customer</br></h3> </strong><br/>
<br><strong>Step :15 Type the Shipping Address where the Customer want to Send his Order </br></strong></br><br/>
Enter Email Id of Customer====>: prashantp+9437744@accorin.com</br><br/>
Enter Email Id of Customer====>: baps@200</br><br/>
Click on Login Button After entering email id and password</br><br/>
Enter Company Name====>: testCompany</br><br/>
Enter Street Address====>: 360 Vetarans Parkway, Suite 115</br><br/>
Enter City name====>:Bolingbrook</br><br/>
Select the State from the Drop Down :==> Illinois </br><br/>
Enter the Pin Code of the State: 60440</br><br/>
Select the Country from the Drop Down :==> United States </br><br/>
<br><strong>Step :16 Address_Validation_PopUp </br></strong></br><br/>
Enter the Phone Number of Customer: 123456789</br><br/>
<strong> <h3 style="color:Blue"> Address Validation PopUp</br></h3> </strong><br/>
<br><strong>Clicked on : origin_address</strong></br><br/>
<br><strong>Click on Continue Button</strong></br><br/>
<br><strong>Address Pop Up Is Displayed</strong></br><br/>
Click on Address Validation Pop Up Window</br><br/>
<br><strong>Step :17 Select Shipping Customer </br></strong></br><br/>
Click on Ground Standard under Choose a Shipping Option</br></br><br/>
After Filling all the detail Click on Next Button</br></br><br/>
<strong> <h3 style="color:#FF0000"> Select the PayPal Payment Mode and Enter Valid Credentials</br></h3> </strong><br/>
<br><strong>Step :18 Select Valid Credentials in PayPal </br></strong></br><br/>
Click on Pay Pal Radio Button</br><br/>
Click on continue to paypal option</br><br/>
Login Button Found And Clicked<br/>
Enter the Valid Paypal email id===> 31julymm@mailinator.com</br><br/>
Enter the Valid Paypal Password===>Baps@123</br><br/>
After entering Valid Email ID and Password Click on Login Button<br/>
Click on Continue Button<br/>
<br><strong>Show the Payment Method===>PayPal Express Checkout</strong></br><br/>
===>Item is Placed and Payment is made through PayPal</br><br/>
<strong> <h3 style="color:Blue"> Verify that Order has been Confirmed and A message has been Displayed</h3> </strong><br/>
<br><strong>Confirmation Message is Displayed :YOUR ORDER HAS BEEN PLACED</strong></br><br/>
<br></br> <Strong><font color=#008000><b> &#10004 PASS</b></font></strong><br/>
<br><strong>Email Confirmation has Been Sent :An email confirmation is on its way to prashantp+9437744@accorin.com</strong></br><br/>
<br></br> <Strong><font color=#008000><b> &#10004 PASS</b></font></strong><br/>
<br><strong>Order Number is Displayed :Order #4000001305</strong></br><br/>
<br></br> <Strong><font color=#008000><b> &#10004 PASS</b></font></strong><br/>
===>Item is Placed and Shown in the Place</br><br/>
<strong> <h3 style="color:#FFA500"> Open Account Payment Method</h3> </strong><br/>
<strong> <h3 style="color:Blue"> Step 19 : Open URL is: https://promed-dev-scripco-refapp.accorin.us/</a></h3> </strong><br/>
<br><strong>To Verify that Home Page is Displayed</br></strong></br><br/>
<br><strong>Step :20 Open the Application</br></strong></br><br/>
<strong> <h3 style="color:Blue"> Welcome Msg is Displayed ====>: WELCOME TO OUR NEW SITE</h3> </strong><br/>
<br></br> <Strong><font color=#008000><b> &#10004 PASS</b></font></strong><br/>
===>Home page is opened and Logo is Matched</br><br/>
<br><strong>Step :21 Click on I User Logo </br></strong></br><br/>
<br><strong>Step :22 Click on Logout option </br></strong></br><br/>
<br><strong>Step :23 Click on I User Logo </br></strong></br><br/>
<br><strong>Step :24 Click on Login button under I user Icon</br></strong></br><br/>
<strong> <h3 style="color:#FFA500"> Open Account Validation</h3> </strong><br/>
User should be redirected to Login Page and asked for Username and Password<br/>
<br><strong>Step :25 User will be redirected to customer Login page</br></strong></br><br/>
Enter the UserName=====>prashantp@accorin.com</br><br/>
Enter the Password=====>baps@200</br><br/>
Click on Sign In Button<br/>
<br><strong>Step :26 Click on Pro Med Express Logo</br></strong></br><br/>
<br><strong>Step :27 Mouse Over to Mobility in Home Page </br></br></strong></br><br/>
<strong> <h3 style="color:#FFA500"> Credit Card Validation</h3> </strong><br/>
<br><strong>Step :28 Click on Positioning under Orthopedic </br></strong></br><br/>
<br><strong>===============>Orthopedic option will Appear under Positioning</br></strong></br><br/>
<br><strong>Step :29 Click on Add to Cart Button </br></strong></br><br/>
<br><strong>===============>Product will be added to cart</br></strong></br><br/>
Product Selected====>Add to Cart</br><br/>
<br><strong>Step :30 Click on My Cart Option </br></strong></br><br/>
<br><strong>===============>User should see the Product Under My Cart</br></strong></br><br/>
<br><strong>Step :31 Click on CheckOut Option under My Cart </br></strong></br><br/>
<br><strong>===============>User should be Redirected to Shipping Address Page</br></strong></br><br/>
<br><strong>Step :32 Select Shipping Customer </br></strong></br><br/>
<br><strong>===============>User should Select the Shipping Customer</br></strong></br><br/>
<br> <b>Please look to the screenshot - </b><br/>
<br><Strong><font color=#FF0000>--Failed</font></strong><br/>
<a href='../test-output/screenshots/1022175610183ValidatePaymentMethod.png' target='_new'>1022175610183ValidatePaymentMethod.png</a><br/>
<br></br><h3>Failure Reason:</h3><br/>
<br></br>org.openqa.selenium.StaleElementReferenceException: stale element reference: element is not attached to the page document<br/>
</div>
</td>
<td><div><pre>org.openqa.selenium.StaleElementReferenceException: stale element reference: element is not attached to the page document
  (Session info: chrome=70.0.3538.67)
  (Driver info: chromedriver=2.37.544315 (730aa6a5fdba159ac9f4c1e8cbc59bf1b5ce12b7),platform=Windows NT 6.1.7600 x86_64) (WARNING: The server did not provide any stacktrace information)
Command duration or timeout: 10 milliseconds
For documentation on this error, please visit: http://seleniumhq.org/exceptions/stale_element_reference.html
Build info: version: &apos;2.53.1&apos;, revision: &apos;a36b8b1&apos;, time: &apos;2016-06-30 17:37:03&apos;
System info: host: &apos;iball-PC&apos;, ip: &apos;192.168.56.1&apos;, os.name: &apos;Windows 7&apos;, os.arch: &apos;amd64&apos;, os.version: &apos;6.1&apos;, java.version: &apos;1.8.0-ea&apos;
Driver info: org.openqa.selenium.chrome.ChromeDriver
Capabilities [{applicationCacheEnabled=false, rotatable=false, mobileEmulationEnabled=false, networkConnectionEnabled=false, chrome={chromedriverVersion=2.37.544315 (730aa6a5fdba159ac9f4c1e8cbc59bf1b5ce12b7), userDataDir=C:\Users\IBALL~1\AppData\Local\Temp\scoped_dir4824_26101}, takesHeapSnapshot=true, pageLoadStrategy=normal, databaseEnabled=false, handlesAlerts=true, hasTouchScreen=false, version=70.0.3538.67, platform=XP, browserConnectionEnabled=false, nativeEvents=true, acceptSslCerts=false, acceptInsecureCerts=false, locationContextEnabled=true, webStorageEnabled=true, browserName=chrome, takesScreenshot=true, javascriptEnabled=true, cssSelectorsEnabled=true, setWindowRect=true, unexpectedAlertBehaviour=}]
Session ID: 1084daf6de2e69b9fabb26713fb7a2f7
Command duration or timeout: 0 milliseconds
	at sun.reflect.NativeConstructorAccessorImpl.newInstance0(Native Method)
	at sun.reflect.NativeConstructorAccessorImpl.newInstance(NativeConstructorAccessorImpl.java:57)
	at sun.reflect.DelegatingConstructorAccessorImpl.newInstance(DelegatingConstructorAccessorImpl.java:45)
	at java.lang.reflect.Constructor.newInstance(Constructor.java:406)
	at org.openqa.selenium.remote.ErrorHandler.createThrowable(ErrorHandler.java:214)
	at org.openqa.selenium.remote.ErrorHandler.throwIfResponseFailed(ErrorHandler.java:166)
	at org.openqa.selenium.remote.http.JsonHttpResponseCodec.reconstructValue(JsonHttpResponseCodec.java:40)
	at org.openqa.selenium.remote.http.AbstractHttpResponseCodec.decode(AbstractHttpResponseCodec.java:80)
	at org.openqa.selenium.remote.http.AbstractHttpResponseCodec.decode(AbstractHttpResponseCodec.java:44)
	at org.openqa.selenium.remote.HttpCommandExecutor.execute(HttpCommandExecutor.java:158)
	at org.openqa.selenium.remote.RemoteWebDriver.execute(RemoteWebDriver.java:548)
	at org.openqa.selenium.remote.RemoteWebDriver.executeScript(RemoteWebDriver.java:485)
	at com.init.Common.jsClick(Common.java:623)
	at com.indexpage.ValidatePaymentMethod_GeneralindexPage.Shipping_Customernew(ValidatePaymentMethod_GeneralindexPage.java:1195)
	at com.index.ValidatePaymentMethod_Index.ValidatePaymentMethod(ValidatePaymentMethod_Index.java:725)
	at sun.reflect.NativeMethodAccessorImpl.invoke0(Native Method)
	at sun.reflect.NativeMethodAccessorImpl.invoke(NativeMethodAccessorImpl.java:57)
	at sun.reflect.DelegatingMethodAccessorImpl.invoke(DelegatingMethodAccessorImpl.java:43)
	at java.lang.reflect.Method.invoke(Method.java:483)
	at org.testng.internal.MethodInvocationHelper.invokeMethod(MethodInvocationHelper.java:124)
	at org.testng.internal.Invoker.invokeMethod(Invoker.java:571)
	at org.testng.internal.Invoker.retryFailed(Invoker.java:829)
	at org.testng.internal.Invoker.invokeTestMethods(Invoker.java:1000)
	at org.testng.internal.TestMethodWorker.invokeTestMethods(TestMethodWorker.java:125)
	at org.testng.internal.TestMethodWorker.run(TestMethodWorker.java:109)
	at org.testng.TestRunner.privateRun(TestRunner.java:648)
	at org.testng.TestRunner.run(TestRunner.java:505)
	at org.testng.SuiteRunner.runTest(SuiteRunner.java:455)
	at org.testng.SuiteRunner.runSequentially(SuiteRunner.java:450)
	at org.testng.SuiteRunner.privateRun(SuiteRunner.java:415)
	at org.testng.SuiteRunner.run(SuiteRunner.java:364)
	at org.testng.SuiteRunnerWorker.runSuite(SuiteRunnerWorker.java:52)
	at org.testng.SuiteRunnerWorker.run(SuiteRunnerWorker.java:84)
	at org.testng.TestNG.runSuitesSequentially(TestNG.java:1187)
	at org.testng.TestNG.runSuitesLocally(TestNG.java:1116)
	at org.testng.TestNG.runSuites(TestNG.java:1028)
	at org.testng.TestNG.run(TestNG.java:996)
	at org.testng.remote.AbstractRemoteTestNG.run(AbstractRemoteTestNG.java:114)
	at org.testng.remote.RemoteTestNG.initAndRun(RemoteTestNG.java:251)
	at org.testng.remote.RemoteTestNG.main(RemoteTestNG.java:77)
Caused by: org.openqa.selenium.remote.ScreenshotException: Screen shot has been taken
	at org.openqa.selenium.remote.ErrorHandler.throwIfResponseFailed(ErrorHandler.java:140)
	... 34 more
Caused by: org.openqa.selenium.StaleElementReferenceException: stale element reference: element is not attached to the page document
  (Session info: chrome=70.0.3538.67)
  (Driver info: chromedriver=2.37.544315 (730aa6a5fdba159ac9f4c1e8cbc59bf1b5ce12b7),platform=Windows NT 6.1.7600 x86_64) (WARNING: The server did not provide any stacktrace information)
Command duration or timeout: 10 milliseconds
For documentation on this error, please visit: http://seleniumhq.org/exceptions/stale_element_reference.html
Build info: version: &apos;2.53.1&apos;, revision: &apos;a36b8b1&apos;, time: &apos;2016-06-30 17:37:03&apos;
System info: host: &apos;iball-PC&apos;, ip: &apos;192.168.56.1&apos;, os.name: &apos;Windows 7&apos;, os.arch: &apos;amd64&apos;, os.version: &apos;6.1&apos;, java.version: &apos;1.8.0-ea&apos;
Driver info: org.openqa.selenium.chrome.ChromeDriver
Capabilities [{applicationCacheEnabled=false, rotatable=false, mobileEmulationEnabled=false, networkConnectionEnabled=false, chrome={chromedriverVersion=2.37.544315 (730aa6a5fdba159ac9f4c1e8cbc59bf1b5ce12b7), userDataDir=C:\Users\IBALL~1\AppData\Local\Temp\scoped_dir4824_26101}, takesHeapSnapshot=true, pageLoadStrategy=normal, databaseEnabled=false, handlesAlerts=true, hasTouchScreen=false, version=70.0.3538.67, platform=XP, browserConnectionEnabled=false, nativeEvents=true, acceptSslCerts=false, acceptInsecureCerts=false, locationContextEnabled=true, webStorageEnabled=true, browserName=chrome, takesScreenshot=true, javascriptEnabled=true, cssSelectorsEnabled=true, setWindowRect=true, unexpectedAlertBehaviour=}]
Session ID: 1084daf6de2e69b9fabb26713fb7a2f7
For documentation on this error, please visit: http://seleniumhq.org/exceptions/stale_element_reference.html
Build info: version: &apos;3.14.0&apos;, revision: &apos;aacccce0&apos;, time: &apos;2018-08-02T20:19:58.91Z&apos;
System info: host: &apos;IBALL-PC&apos;, ip: &apos;192.168.56.1&apos;, os.name: &apos;Windows 7&apos;, os.arch: &apos;amd64&apos;, os.version: &apos;6.1&apos;, java.version: &apos;1.8.0-ea&apos;
Driver info: driver.version: EventFiringWebDriver
	at sun.reflect.NativeConstructorAccessorImpl.newInstance0(Native Method)
	at sun.reflect.NativeConstructorAccessorImpl.newInstance(Unknown Source)
	at sun.reflect.DelegatingConstructorAccessorImpl.newInstance(Unknown Source)
	at java.lang.reflect.Constructor.newInstance(Unknown Source)
	at org.openqa.selenium.remote.ErrorHandler.createThrowable(ErrorHandler.java:206)
	at org.openqa.selenium.remote.ErrorHandler.throwIfResponseFailed(ErrorHandler.java:158)
	at org.openqa.selenium.remote.RemoteWebDriver.execute(RemoteWebDriver.java:678)
	at org.openqa.selenium.remote.RemoteWebDriver.executeScript(RemoteWebDriver.java:577)
	at sun.reflect.NativeMethodAccessorImpl.invoke0(Native Method)
	at sun.reflect.NativeMethodAccessorImpl.invoke(Unknown Source)
	at sun.reflect.DelegatingMethodAccessorImpl.invoke(Unknown Source)
	at java.lang.reflect.Method.invoke(Unknown Source)
	at org.openqa.selenium.support.events.EventFiringWebDriver$2.invoke(EventFiringWebDriver.java:103)
	at com.sun.proxy.$Proxy1.executeScript(Unknown Source)
	at org.openqa.selenium.support.events.EventFiringWebDriver.executeScript(EventFiringWebDriver.java:217)
	at org.openqa.selenium.remote.server.handler.ExecuteScript.call(ExecuteScript.java:54)
	at java.util.concurrent.FutureTask.run(Unknown Source)
	at org.openqa.selenium.remote.server.DefaultSession$1.run(DefaultSession.java:176)
	at java.util.concurrent.ThreadPoolExecutor.runWorker(Unknown Source)
	at java.util.concurrent.ThreadPoolExecutor$Worker.run(Unknown Source)
	at java.lang.Thread.run(Unknown Source)
</pre></div><a href='#' onClick='toggleBox("stack-trace1659282412", this, "Click to show all stack frames", "Click to hide stack frames")'>Click to show all stack frames</a>
<div class='stack-trace' id='stack-trace1659282412'><pre>org.openqa.selenium.StaleElementReferenceException: stale element reference: element is not attached to the page document
  (Session info: chrome=70.0.3538.67)
  (Driver info: chromedriver=2.37.544315 (730aa6a5fdba159ac9f4c1e8cbc59bf1b5ce12b7),platform=Windows NT 6.1.7600 x86_64) (WARNING: The server did not provide any stacktrace information)
Command duration or timeout: 10 milliseconds
For documentation on this error, please visit: http://seleniumhq.org/exceptions/stale_element_reference.html
Build info: version: &apos;2.53.1&apos;, revision: &apos;a36b8b1&apos;, time: &apos;2016-06-30 17:37:03&apos;
System info: host: &apos;iball-PC&apos;, ip: &apos;192.168.56.1&apos;, os.name: &apos;Windows 7&apos;, os.arch: &apos;amd64&apos;, os.version: &apos;6.1&apos;, java.version: &apos;1.8.0-ea&apos;
Driver info: org.openqa.selenium.chrome.ChromeDriver
Capabilities [{applicationCacheEnabled=false, rotatable=false, mobileEmulationEnabled=false, networkConnectionEnabled=false, chrome={chromedriverVersion=2.37.544315 (730aa6a5fdba159ac9f4c1e8cbc59bf1b5ce12b7), userDataDir=C:\Users\IBALL~1\AppData\Local\Temp\scoped_dir4824_26101}, takesHeapSnapshot=true, pageLoadStrategy=normal, databaseEnabled=false, handlesAlerts=true, hasTouchScreen=false, version=70.0.3538.67, platform=XP, browserConnectionEnabled=false, nativeEvents=true, acceptSslCerts=false, acceptInsecureCerts=false, locationContextEnabled=true, webStorageEnabled=true, browserName=chrome, takesScreenshot=true, javascriptEnabled=true, cssSelectorsEnabled=true, setWindowRect=true, unexpectedAlertBehaviour=}]
Session ID: 1084daf6de2e69b9fabb26713fb7a2f7
Command duration or timeout: 0 milliseconds
	at sun.reflect.NativeConstructorAccessorImpl.newInstance0(Native Method)
	at sun.reflect.NativeConstructorAccessorImpl.newInstance(NativeConstructorAccessorImpl.java:57)
	at sun.reflect.DelegatingConstructorAccessorImpl.newInstance(DelegatingConstructorAccessorImpl.java:45)
	at java.lang.reflect.Constructor.newInstance(Constructor.java:406)
	at org.openqa.selenium.remote.ErrorHandler.createThrowable(ErrorHandler.java:214)
	at org.openqa.selenium.remote.ErrorHandler.throwIfResponseFailed(ErrorHandler.java:166)
	at org.openqa.selenium.remote.http.JsonHttpResponseCodec.reconstructValue(JsonHttpResponseCodec.java:40)
	at org.openqa.selenium.remote.http.AbstractHttpResponseCodec.decode(AbstractHttpResponseCodec.java:80)
	at org.openqa.selenium.remote.http.AbstractHttpResponseCodec.decode(AbstractHttpResponseCodec.java:44)
	at org.openqa.selenium.remote.HttpCommandExecutor.execute(HttpCommandExecutor.java:158)
	at org.openqa.selenium.remote.RemoteWebDriver.execute(RemoteWebDriver.java:548)
	at org.openqa.selenium.remote.RemoteWebDriver.executeScript(RemoteWebDriver.java:485)
	at com.init.Common.jsClick(Common.java:623)
	at com.indexpage.ValidatePaymentMethod_GeneralindexPage.Shipping_Customernew(ValidatePaymentMethod_GeneralindexPage.java:1195)
	at com.index.ValidatePaymentMethod_Index.ValidatePaymentMethod(ValidatePaymentMethod_Index.java:725)
	at sun.reflect.NativeMethodAccessorImpl.invoke0(Native Method)
	at sun.reflect.NativeMethodAccessorImpl.invoke(NativeMethodAccessorImpl.java:57)
	at sun.reflect.DelegatingMethodAccessorImpl.invoke(DelegatingMethodAccessorImpl.java:43)
	at java.lang.reflect.Method.invoke(Method.java:483)
	at org.testng.internal.MethodInvocationHelper.invokeMethod(MethodInvocationHelper.java:124)
	at org.testng.internal.Invoker.invokeMethod(Invoker.java:571)
	at org.testng.internal.Invoker.retryFailed(Invoker.java:829)
	at org.testng.internal.Invoker.invokeTestMethods(Invoker.java:1000)
	at org.testng.internal.TestMethodWorker.invokeTestMethods(TestMethodWorker.java:125)
	at org.testng.internal.TestMethodWorker.run(TestMethodWorker.java:109)
	at org.testng.TestRunner.privateRun(TestRunner.java:648)
	at org.testng.TestRunner.run(TestRunner.java:505)
	at org.testng.SuiteRunner.runTest(SuiteRunner.java:455)
	at org.testng.SuiteRunner.runSequentially(SuiteRunner.java:450)
	at org.testng.SuiteRunner.privateRun(SuiteRunner.java:415)
	at org.testng.SuiteRunner.run(SuiteRunner.java:364)
	at org.testng.SuiteRunnerWorker.runSuite(SuiteRunnerWorker.java:52)
	at org.testng.SuiteRunnerWorker.run(SuiteRunnerWorker.java:84)
	at org.testng.TestNG.runSuitesSequentially(TestNG.java:1187)
	at org.testng.TestNG.runSuitesLocally(TestNG.java:1116)
	at org.testng.TestNG.runSuites(TestNG.java:1028)
	at org.testng.TestNG.run(TestNG.java:996)
	at org.testng.remote.AbstractRemoteTestNG.run(AbstractRemoteTestNG.java:114)
	at org.testng.remote.RemoteTestNG.initAndRun(RemoteTestNG.java:251)
	at org.testng.remote.RemoteTestNG.main(RemoteTestNG.java:77)
Caused by: org.openqa.selenium.remote.ScreenshotException: Screen shot has been taken
	at org.openqa.selenium.remote.ErrorHandler.throwIfResponseFailed(ErrorHandler.java:140)
	... 34 more
Caused by: org.openqa.selenium.StaleElementReferenceException: stale element reference: element is not attached to the page document
  (Session info: chrome=70.0.3538.67)
  (Driver info: chromedriver=2.37.544315 (730aa6a5fdba159ac9f4c1e8cbc59bf1b5ce12b7),platform=Windows NT 6.1.7600 x86_64) (WARNING: The server did not provide any stacktrace information)
Command duration or timeout: 10 milliseconds
For documentation on this error, please visit: http://seleniumhq.org/exceptions/stale_element_reference.html
Build info: version: &apos;2.53.1&apos;, revision: &apos;a36b8b1&apos;, time: &apos;2016-06-30 17:37:03&apos;
System info: host: &apos;iball-PC&apos;, ip: &apos;192.168.56.1&apos;, os.name: &apos;Windows 7&apos;, os.arch: &apos;amd64&apos;, os.version: &apos;6.1&apos;, java.version: &apos;1.8.0-ea&apos;
Driver info: org.openqa.selenium.chrome.ChromeDriver
Capabilities [{applicationCacheEnabled=false, rotatable=false, mobileEmulationEnabled=false, networkConnectionEnabled=false, chrome={chromedriverVersion=2.37.544315 (730aa6a5fdba159ac9f4c1e8cbc59bf1b5ce12b7), userDataDir=C:\Users\IBALL~1\AppData\Local\Temp\scoped_dir4824_26101}, takesHeapSnapshot=true, pageLoadStrategy=normal, databaseEnabled=false, handlesAlerts=true, hasTouchScreen=false, version=70.0.3538.67, platform=XP, browserConnectionEnabled=false, nativeEvents=true, acceptSslCerts=false, acceptInsecureCerts=false, locationContextEnabled=true, webStorageEnabled=true, browserName=chrome, takesScreenshot=true, javascriptEnabled=true, cssSelectorsEnabled=true, setWindowRect=true, unexpectedAlertBehaviour=}]
Session ID: 1084daf6de2e69b9fabb26713fb7a2f7
For documentation on this error, please visit: http://seleniumhq.org/exceptions/stale_element_reference.html
Build info: version: &apos;3.14.0&apos;, revision: &apos;aacccce0&apos;, time: &apos;2018-08-02T20:19:58.91Z&apos;
System info: host: &apos;IBALL-PC&apos;, ip: &apos;192.168.56.1&apos;, os.name: &apos;Windows 7&apos;, os.arch: &apos;amd64&apos;, os.version: &apos;6.1&apos;, java.version: &apos;1.8.0-ea&apos;
Driver info: driver.version: EventFiringWebDriver
	at sun.reflect.NativeConstructorAccessorImpl.newInstance0(Native Method)
	at sun.reflect.NativeConstructorAccessorImpl.newInstance(Unknown Source)
	at sun.reflect.DelegatingConstructorAccessorImpl.newInstance(Unknown Source)
	at java.lang.reflect.Constructor.newInstance(Unknown Source)
	at org.openqa.selenium.remote.ErrorHandler.createThrowable(ErrorHandler.java:206)
	at org.openqa.selenium.remote.ErrorHandler.throwIfResponseFailed(ErrorHandler.java:158)
	at org.openqa.selenium.remote.RemoteWebDriver.execute(RemoteWebDriver.java:678)
	at org.openqa.selenium.remote.RemoteWebDriver.executeScript(RemoteWebDriver.java:577)
	at sun.reflect.NativeMethodAccessorImpl.invoke0(Native Method)
	at sun.reflect.NativeMethodAccessorImpl.invoke(Unknown Source)
	at sun.reflect.DelegatingMethodAccessorImpl.invoke(Unknown Source)
	at java.lang.reflect.Method.invoke(Unknown Source)
	at org.openqa.selenium.support.events.EventFiringWebDriver$2.invoke(EventFiringWebDriver.java:103)
	at com.sun.proxy.$Proxy1.executeScript(Unknown Source)
	at org.openqa.selenium.support.events.EventFiringWebDriver.executeScript(EventFiringWebDriver.java:217)
	at org.openqa.selenium.remote.server.handler.ExecuteScript.call(ExecuteScript.java:54)
	at java.util.concurrent.FutureTask.run(Unknown Source)
	at org.openqa.selenium.remote.server.DefaultSession$1.run(DefaultSession.java:176)
	at java.util.concurrent.ThreadPoolExecutor.runWorker(Unknown Source)
	at java.util.concurrent.ThreadPoolExecutor$Worker.run(Unknown Source)
	at java.lang.Thread.run(Unknown Source)
</pre></div></td>
<td>521</td>
<td>com.index.ValidatePaymentMethod_Index@52525845</td></tr>
</table><p>
<table width='100%' border='1' class='invocation-skipped'>
<tr><td colspan='4' align='center'><b>SKIPPED TESTS</b></td></tr>
<tr><td><b>Test method</b></td>
<td width="30%"><b>Exception</b></td>
<td width="10%"><b>Time (seconds)</b></td>
<td><b>Instance</b></td>
</tr>
<tr>
<td title='com.index.ValidatePaymentMethod_Index.ValidatePaymentMethod()'><b>ValidatePaymentMethod</b><br>Test class: com.index.ValidatePaymentMethod_Index<br/>
<a href="#Output-1371376476" onClick='toggleBox("Output-1371376476", this, "Show output", "Hide output");'>Show output</a>

<a href="#Output-1371376476" onClick="toggleAllBoxes();">Show all outputs</a>
<div class='log' id="Output-1371376476">
<strong> <h3 style="color:#FFA500"> Test Scenario 11: Validate Payment Method[Credit Card, Paypal & Open Account]</h3> </strong><br/>
<strong> <h3 style="color:#FF0000"> Time and Date of Test Execution2018-10-22  17:38:39</h3> </strong><br/>
<strong> <h3 style="color:#FF0000"> Validate Payment Method======>Paypal</br></h3> </strong><br/>
<strong> <h3 style="color:Blue"> Step 1 : Open URL is: https://promed-dev-scripco-refapp.accorin.us/</a></h3> </strong><br/>
<strong> <h3 style="color:Blue"> To Verify that Home Page is Displayed</br></h3> </strong><br/>
<br><strong>Step :2 Open the Application</br></strong></br><br/>
<strong> <h3 style="color:Blue"> Welcome Msg is Displayed ====>: WELCOME TO OUR NEW SITE</h3> </strong><br/>
<br></br> <Strong><font color=#008000><b> &#10004 PASS</b></font></strong><br/>
===>Home page is opened and Logo is Matched</br><br/>
<br><strong>Step :3 Click on I User Logo </br></strong></br><br/>
<br><strong>Step :4 Click on Create New Account </br></strong></br><br/>
<strong> <h3 style="color:Blue"> Verify that without filling details and click on Create New Account a Error Message Appeared</br></h3> </strong><br/>
<br><strong>Without Entering Details and Click on Create New Account Button===>This is a required field.</strong></br><br/>
<br></br> <Strong><font color=#008000><b> &#10004 PASS</b></font></strong><br/>
===>User Cannot Create a Account without entering a Details</br><br/>
<br><strong>Step :5 Click on I Uer Logo </br></strong></br><br/>
<br><strong>Step :6 Click on Create New Account </br></strong></br><br/>
<br><strong>Step :7 Enter the Details under Create New Account and click on create new Account </br></strong></br><br/>
<br><strong>Enter First Name :===> Paul</strong></br><br/>
<br><strong>Enter Last Name :===> williams</strong></br><br/>
<br><strong>Click on Sign Up For Newsletter Check Box</strong></br><br/>
<br><strong>Type the graudation date===>09/11/2015</strong></br><br/>
<br><strong>Type the email id ===>prashantp+9333820@accorin.com</br></strong></br><br/>
<br><strong>Type the password ===>baps@200</strong></br><br/>
<br><strong>Type the same password under confirm password ===>baps@200</strong></br><br/>
<br><strong>After filling all the details click on Create A Account</strong></br><br/>
<strong> <h3 style="color:Blue"> Show the Confirmation Message after Formed is Filled</br></h3> </strong><br/>
<br><strong>Confirmation Message is Displayed===>Thank you for registering with ProMed Xpress Products.</br></strong></br><br/>
<br></br> <Strong><font color=#008000><b> &#10004 PASS</b></font></strong><br/>
===>Confirmation Message is Displayed</br><br/>
<br><strong>User Name Shoud Display===>Welcome, Paul!</strong></br><br/>
<br></br> <Strong><font color=#008000><b> &#10004 PASS</b></font></strong><br/>
===>User Home Page is Appeared with the Welcome Message</br><br/>
<br><strong>Step :8 Click on I Uer Logo </br></strong></br><br/>
<br><strong>Step :9 Click on Logout option </br></strong></br><br/>
<br><strong>Step :10 Mouse Over to Mobility in Home Page </br></strong></br><br/>
<br><strong>Step :11 Click on Geri_Chairs under Mobility </br></strong></br><br/>
<br><strong>Step :12 Click on Add to Cart Button </br></strong></br><br/>
<br><strong>Step :13 Click on My Cart Option </br></strong></br><br/>
<strong> <h3 style="color:Blue">  Verify that the Product which has been Selected is showing under My Cart Option</h3> </strong><br/>
<br><strong>Item Selected in the Page Matches Item in the Cart : Double Sided Security Bed Rails 18"X20"</strong></br><br/>
Converting String to Int of Original Price : 132.28<br/>
<br><strong>=========>Converting Double to Integer<=======</strong></br><br/>
<br><strong>Item Selected in the Page : Double Sided Security Bed Rails 18"X20"</strong></br><br/>
Converting String to Int of Original Price : 132.28<br/>
<strong> <h3 style="color:Blue"> Comparing the two Items</h3> </strong><br/>
<br><strong>Item Selected and Item in My Cart Matches</strong></br><br/>
<br></br> <Strong><font color=#008000><b> &#10004 PASS</b></font></strong><br/>
<strong> <h3 style="color:Blue"> Price Comparing</h3> </strong><br/>
<br><strong>Item Selected and Item in My Cart Price Matches</strong></br><br/>
<br></br> <Strong><font color=#008000><b> &#10004 PASS</b></font></strong><br/>
===>Product and Price Verified in My Cart</br><br/>
<strong> <h3 style="color:Blue"> Item Quantity Verified</h3> </strong><br/>
<br><strong>Total Quantity of Product is Displayed : 1</strong></br><br/>
<br></br> <Strong><font color=#008000><b> &#10004 PASS</b></font></strong><br/>
===>Product Item is Same as Selected</br><br/>
<br><strong>Step :14 Click on CheckOut Option under My Cart</br></strong></br><br/>
<strong> <h3 style="color:#FFA500"> Filling the Shipping Information of the Customer</br></h3> </strong><br/>
<br><strong>Step :15 Type the Shipping Address where the Customer want to Send his Order </br></strong></br><br/>
Enter Email Id of Customer====>: prashantp+9333820@accorin.com</br><br/>
Enter Email Id of Customer====>: baps@200</br><br/>
Click on Login Button After entering email id and password</br><br/>
Enter Company Name====>: testCompany</br><br/>
Enter Street Address====>: 360 Vetarans Parkway, Suite 115</br><br/>
Enter City name====>:Bolingbrook</br><br/>
Select the State from the Drop Down :==> Illinois </br><br/>
Enter the Pin Code of the State: 60440</br><br/>
Select the Country from the Drop Down :==> United States </br><br/>
<br><strong>Step :16 Address_Validation_PopUp </br></strong></br><br/>
Enter the Phone Number of Customer: 123456789</br><br/>
<strong> <h3 style="color:Blue"> Address Validation PopUp</br></h3> </strong><br/>
<br><strong>Clicked on : origin_address</strong></br><br/>
<br><strong>Click on Continue Button</strong></br><br/>
<br><strong>Address Pop Up Is Displayed</strong></br><br/>
Click on Address Validation Pop Up Window</br><br/>
<br><strong>Step :17 Select Shipping Customer </br></strong></br><br/>
Click on Ground Standard under Choose a Shipping Option</br></br><br/>
After Filling all the detail Click on Next Button</br></br><br/>
<strong> <h3 style="color:#FF0000"> Select the PayPal Payment Mode and Enter Valid Credentials</br></h3> </strong><br/>
<br><strong>Step :18 Select Valid Credentials in PayPal </br></strong></br><br/>
Click on Pay Pal Radio Button</br><br/>
Click on continue to paypal option</br><br/>
Login Button Found And Clicked<br/>
Enter the Valid Paypal email id===> 31julymm@mailinator.com</br><br/>
Enter the Valid Paypal Password===>Baps@123</br><br/>
After entering Valid Email ID and Password Click on Login Button<br/>
Click on Continue Button<br/>
<br><strong>Show the Payment Method===>PayPal Express Checkout</strong></br><br/>
===>Item is Placed and Payment is made through PayPal</br><br/>
<strong> <h3 style="color:Blue"> Verify that Order has been Confirmed and A message has been Displayed</h3> </strong><br/>
<br><strong>Confirmation Message is Displayed :YOUR ORDER HAS BEEN PLACED</strong></br><br/>
<br></br> <Strong><font color=#008000><b> &#10004 PASS</b></font></strong><br/>
<br><strong>Email Confirmation has Been Sent :An email confirmation is on its way to prashantp+9333820@accorin.com</strong></br><br/>
<br></br> <Strong><font color=#008000><b> &#10004 PASS</b></font></strong><br/>
<br><strong>Order Number is Displayed :Order #4000001304</strong></br><br/>
<br></br> <Strong><font color=#008000><b> &#10004 PASS</b></font></strong><br/>
===>Item is Placed and Shown in the Place</br><br/>
<strong> <h3 style="color:#FFA500"> Open Account Payment Method</h3> </strong><br/>
<strong> <h3 style="color:Blue"> Step 19 : Open URL is: https://promed-dev-scripco-refapp.accorin.us/</a></h3> </strong><br/>
<br><strong>To Verify that Home Page is Displayed</br></strong></br><br/>
<br><strong>Step :20 Open the Application</br></strong></br><br/>
<strong> <h3 style="color:Blue"> Welcome Msg is Displayed ====>: WELCOME TO OUR NEW SITE</h3> </strong><br/>
<br></br> <Strong><font color=#008000><b> &#10004 PASS</b></font></strong><br/>
===>Home page is opened and Logo is Matched</br><br/>
<br><strong>Step :21 Click on I User Logo </br></strong></br><br/>
<br><strong>Step :22 Click on Logout option </br></strong></br><br/>
<br><strong>Step :23 Click on I User Logo </br></strong></br><br/>
<br><strong>Step :24 Click on Login button under I user Icon</br></strong></br><br/>
<strong> <h3 style="color:#FFA500"> Open Account Validation</h3> </strong><br/>
User should be redirected to Login Page and asked for Username and Password<br/>
<br><strong>Step :25 User will be redirected to customer Login page</br></strong></br><br/>
Enter the UserName=====>prashantp@accorin.com</br><br/>
Enter the Password=====>baps@200</br><br/>
Click on Sign In Button<br/>
<br><strong>Step :26 Click on Pro Med Express Logo</br></strong></br><br/>
<br><strong>Step :27 Mouse Over to Mobility in Home Page </br></br></strong></br><br/>
<strong> <h3 style="color:#FFA500"> Credit Card Validation</h3> </strong><br/>
<br><strong>Step :28 Click on Positioning under Orthopedic </br></strong></br><br/>
<br><strong>===============>Orthopedic option will Appear under Positioning</br></strong></br><br/>
<br><strong>Step :29 Click on Add to Cart Button </br></strong></br><br/>
<br><strong>===============>Product will be added to cart</br></strong></br><br/>
Product Selected====>Add to Cart</br><br/>
<br><strong>Step :30 Click on My Cart Option </br></strong></br><br/>
<br><strong>===============>User should see the Product Under My Cart</br></strong></br><br/>
<br><strong>Step :31 Click on CheckOut Option under My Cart </br></strong></br><br/>
<br><strong>===============>User should be Redirected to Shipping Address Page</br></strong></br><br/>
<br><strong>Step :32 Select Shipping Customer </br></strong></br><br/>
<br><strong>===============>User should Select the Shipping Customer</br></strong></br><br/>
<br> <b>Please look to the screenshot - </b><br/>
<br><Strong><font color=#FF0000>--Failed</font></strong><br/>
<a href='../test-output/screenshots/1022174705378ValidatePaymentMethod.png' target='_new'>1022174705378ValidatePaymentMethod.png</a><br/>
</div>
</td>
<td><div><pre>org.openqa.selenium.StaleElementReferenceException: stale element reference: element is not attached to the page document
  (Session info: chrome=70.0.3538.67)
  (Driver info: chromedriver=2.37.544315 (730aa6a5fdba159ac9f4c1e8cbc59bf1b5ce12b7),platform=Windows NT 6.1.7600 x86_64) (WARNING: The server did not provide any stacktrace information)
Command duration or timeout: 10 milliseconds
For documentation on this error, please visit: http://seleniumhq.org/exceptions/stale_element_reference.html
Build info: version: &apos;2.53.1&apos;, revision: &apos;a36b8b1&apos;, time: &apos;2016-06-30 17:37:03&apos;
System info: host: &apos;iball-PC&apos;, ip: &apos;192.168.56.1&apos;, os.name: &apos;Windows 7&apos;, os.arch: &apos;amd64&apos;, os.version: &apos;6.1&apos;, java.version: &apos;1.8.0-ea&apos;
Driver info: org.openqa.selenium.chrome.ChromeDriver
Capabilities [{applicationCacheEnabled=false, rotatable=false, mobileEmulationEnabled=false, networkConnectionEnabled=false, chrome={chromedriverVersion=2.37.544315 (730aa6a5fdba159ac9f4c1e8cbc59bf1b5ce12b7), userDataDir=C:\Users\IBALL~1\AppData\Local\Temp\scoped_dir4560_31459}, takesHeapSnapshot=true, pageLoadStrategy=normal, databaseEnabled=false, handlesAlerts=true, hasTouchScreen=false, version=70.0.3538.67, platform=XP, browserConnectionEnabled=false, nativeEvents=true, acceptSslCerts=false, acceptInsecureCerts=false, locationContextEnabled=true, webStorageEnabled=true, browserName=chrome, takesScreenshot=true, javascriptEnabled=true, cssSelectorsEnabled=true, setWindowRect=true, unexpectedAlertBehaviour=}]
Session ID: 9248f94fe46468046d4af10b54d8376e
Command duration or timeout: 0 milliseconds
	at sun.reflect.NativeConstructorAccessorImpl.newInstance0(Native Method)
	at sun.reflect.NativeConstructorAccessorImpl.newInstance(NativeConstructorAccessorImpl.java:57)
	at sun.reflect.DelegatingConstructorAccessorImpl.newInstance(DelegatingConstructorAccessorImpl.java:45)
	at java.lang.reflect.Constructor.newInstance(Constructor.java:406)
	at org.openqa.selenium.remote.ErrorHandler.createThrowable(ErrorHandler.java:214)
	at org.openqa.selenium.remote.ErrorHandler.throwIfResponseFailed(ErrorHandler.java:166)
	at org.openqa.selenium.remote.http.JsonHttpResponseCodec.reconstructValue(JsonHttpResponseCodec.java:40)
	at org.openqa.selenium.remote.http.AbstractHttpResponseCodec.decode(AbstractHttpResponseCodec.java:80)
	at org.openqa.selenium.remote.http.AbstractHttpResponseCodec.decode(AbstractHttpResponseCodec.java:44)
	at org.openqa.selenium.remote.HttpCommandExecutor.execute(HttpCommandExecutor.java:158)
	at org.openqa.selenium.remote.RemoteWebDriver.execute(RemoteWebDriver.java:548)
	at org.openqa.selenium.remote.RemoteWebDriver.executeScript(RemoteWebDriver.java:485)
	at com.init.Common.jsClick(Common.java:623)
	at com.indexpage.ValidatePaymentMethod_GeneralindexPage.Shipping_Customernew(ValidatePaymentMethod_GeneralindexPage.java:1195)
	at com.index.ValidatePaymentMethod_Index.ValidatePaymentMethod(ValidatePaymentMethod_Index.java:725)
	at sun.reflect.NativeMethodAccessorImpl.invoke0(Native Method)
	at sun.reflect.NativeMethodAccessorImpl.invoke(NativeMethodAccessorImpl.java:57)
	at sun.reflect.DelegatingMethodAccessorImpl.invoke(DelegatingMethodAccessorImpl.java:43)
	at java.lang.reflect.Method.invoke(Method.java:483)
	at org.testng.internal.MethodInvocationHelper.invokeMethod(MethodInvocationHelper.java:124)
	at org.testng.internal.Invoker.invokeMethod(Invoker.java:571)
	at org.testng.internal.Invoker.invokeTestMethod(Invoker.java:707)
	at org.testng.internal.Invoker.invokeTestMethods(Invoker.java:979)
	at org.testng.internal.TestMethodWorker.invokeTestMethods(TestMethodWorker.java:125)
	at org.testng.internal.TestMethodWorker.run(TestMethodWorker.java:109)
	at org.testng.TestRunner.privateRun(TestRunner.java:648)
	at org.testng.TestRunner.run(TestRunner.java:505)
	at org.testng.SuiteRunner.runTest(SuiteRunner.java:455)
	at org.testng.SuiteRunner.runSequentially(SuiteRunner.java:450)
	at org.testng.SuiteRunner.privateRun(SuiteRunner.java:415)
	at org.testng.SuiteRunner.run(SuiteRunner.java:364)
	at org.testng.SuiteRunnerWorker.runSuite(SuiteRunnerWorker.java:52)
	at org.testng.SuiteRunnerWorker.run(SuiteRunnerWorker.java:84)
	at org.testng.TestNG.runSuitesSequentially(TestNG.java:1187)
	at org.testng.TestNG.runSuitesLocally(TestNG.java:1116)
	at org.testng.TestNG.runSuites(TestNG.java:1028)
	at org.testng.TestNG.run(TestNG.java:996)
	at org.testng.remote.AbstractRemoteTestNG.run(AbstractRemoteTestNG.java:114)
	at org.testng.remote.RemoteTestNG.initAndRun(RemoteTestNG.java:251)
	at org.testng.remote.RemoteTestNG.main(RemoteTestNG.java:77)
Caused by: org.openqa.selenium.remote.ScreenshotException: Screen shot has been taken
	at org.openqa.selenium.remote.ErrorHandler.throwIfResponseFailed(ErrorHandler.java:140)
	... 34 more
Caused by: org.openqa.selenium.StaleElementReferenceException: stale element reference: element is not attached to the page document
  (Session info: chrome=70.0.3538.67)
  (Driver info: chromedriver=2.37.544315 (730aa6a5fdba159ac9f4c1e8cbc59bf1b5ce12b7),platform=Windows NT 6.1.7600 x86_64) (WARNING: The server did not provide any stacktrace information)
Command duration or timeout: 10 milliseconds
For documentation on this error, please visit: http://seleniumhq.org/exceptions/stale_element_reference.html
Build info: version: &apos;2.53.1&apos;, revision: &apos;a36b8b1&apos;, time: &apos;2016-06-30 17:37:03&apos;
System info: host: &apos;iball-PC&apos;, ip: &apos;192.168.56.1&apos;, os.name: &apos;Windows 7&apos;, os.arch: &apos;amd64&apos;, os.version: &apos;6.1&apos;, java.version: &apos;1.8.0-ea&apos;
Driver info: org.openqa.selenium.chrome.ChromeDriver
Capabilities [{applicationCacheEnabled=false, rotatable=false, mobileEmulationEnabled=false, networkConnectionEnabled=false, chrome={chromedriverVersion=2.37.544315 (730aa6a5fdba159ac9f4c1e8cbc59bf1b5ce12b7), userDataDir=C:\Users\IBALL~1\AppData\Local\Temp\scoped_dir4560_31459}, takesHeapSnapshot=true, pageLoadStrategy=normal, databaseEnabled=false, handlesAlerts=true, hasTouchScreen=false, version=70.0.3538.67, platform=XP, browserConnectionEnabled=false, nativeEvents=true, acceptSslCerts=false, acceptInsecureCerts=false, locationContextEnabled=true, webStorageEnabled=true, browserName=chrome, takesScreenshot=true, javascriptEnabled=true, cssSelectorsEnabled=true, setWindowRect=true, unexpectedAlertBehaviour=}]
Session ID: 9248f94fe46468046d4af10b54d8376e
For documentation on this error, please visit: http://seleniumhq.org/exceptions/stale_element_reference.html
Build info: version: &apos;3.14.0&apos;, revision: &apos;aacccce0&apos;, time: &apos;2018-08-02T20:19:58.91Z&apos;
System info: host: &apos;IBALL-PC&apos;, ip: &apos;192.168.56.1&apos;, os.name: &apos;Windows 7&apos;, os.arch: &apos;amd64&apos;, os.version: &apos;6.1&apos;, java.version: &apos;1.8.0-ea&apos;
Driver info: driver.version: EventFiringWebDriver
	at sun.reflect.NativeConstructorAccessorImpl.newInstance0(Native Method)
	at sun.reflect.NativeConstructorAccessorImpl.newInstance(Unknown Source)
	at sun.reflect.DelegatingConstructorAccessorImpl.newInstance(Unknown Source)
	at java.lang.reflect.Constructor.newInstance(Unknown Source)
	at org.openqa.selenium.remote.ErrorHandler.createThrowable(ErrorHandler.java:206)
	at org.openqa.selenium.remote.ErrorHandler.throwIfResponseFailed(ErrorHandler.java:158)
	at org.openqa.selenium.remote.RemoteWebDriver.execute(RemoteWebDriver.java:678)
	at org.openqa.selenium.remote.RemoteWebDriver.executeScript(RemoteWebDriver.java:577)
	at sun.reflect.NativeMethodAccessorImpl.invoke0(Native Method)
	at sun.reflect.NativeMethodAccessorImpl.invoke(Unknown Source)
	at sun.reflect.DelegatingMethodAccessorImpl.invoke(Unknown Source)
	at java.lang.reflect.Method.invoke(Unknown Source)
	at org.openqa.selenium.support.events.EventFiringWebDriver$2.invoke(EventFiringWebDriver.java:103)
	at com.sun.proxy.$Proxy1.executeScript(Unknown Source)
	at org.openqa.selenium.support.events.EventFiringWebDriver.executeScript(EventFiringWebDriver.java:217)
	at org.openqa.selenium.remote.server.handler.ExecuteScript.call(ExecuteScript.java:54)
	at java.util.concurrent.FutureTask.run(Unknown Source)
	at org.openqa.selenium.remote.server.DefaultSession$1.run(DefaultSession.java:176)
	at java.util.concurrent.ThreadPoolExecutor.runWorker(Unknown Source)
	at java.util.concurrent.ThreadPoolExecutor$Worker.run(Unknown Source)
	at java.lang.Thread.run(Unknown Source)
</pre></div><a href='#' onClick='toggleBox("stack-trace1371376476", this, "Click to show all stack frames", "Click to hide stack frames")'>Click to show all stack frames</a>
<div class='stack-trace' id='stack-trace1371376476'><pre>org.openqa.selenium.StaleElementReferenceException: stale element reference: element is not attached to the page document
  (Session info: chrome=70.0.3538.67)
  (Driver info: chromedriver=2.37.544315 (730aa6a5fdba159ac9f4c1e8cbc59bf1b5ce12b7),platform=Windows NT 6.1.7600 x86_64) (WARNING: The server did not provide any stacktrace information)
Command duration or timeout: 10 milliseconds
For documentation on this error, please visit: http://seleniumhq.org/exceptions/stale_element_reference.html
Build info: version: &apos;2.53.1&apos;, revision: &apos;a36b8b1&apos;, time: &apos;2016-06-30 17:37:03&apos;
System info: host: &apos;iball-PC&apos;, ip: &apos;192.168.56.1&apos;, os.name: &apos;Windows 7&apos;, os.arch: &apos;amd64&apos;, os.version: &apos;6.1&apos;, java.version: &apos;1.8.0-ea&apos;
Driver info: org.openqa.selenium.chrome.ChromeDriver
Capabilities [{applicationCacheEnabled=false, rotatable=false, mobileEmulationEnabled=false, networkConnectionEnabled=false, chrome={chromedriverVersion=2.37.544315 (730aa6a5fdba159ac9f4c1e8cbc59bf1b5ce12b7), userDataDir=C:\Users\IBALL~1\AppData\Local\Temp\scoped_dir4560_31459}, takesHeapSnapshot=true, pageLoadStrategy=normal, databaseEnabled=false, handlesAlerts=true, hasTouchScreen=false, version=70.0.3538.67, platform=XP, browserConnectionEnabled=false, nativeEvents=true, acceptSslCerts=false, acceptInsecureCerts=false, locationContextEnabled=true, webStorageEnabled=true, browserName=chrome, takesScreenshot=true, javascriptEnabled=true, cssSelectorsEnabled=true, setWindowRect=true, unexpectedAlertBehaviour=}]
Session ID: 9248f94fe46468046d4af10b54d8376e
Command duration or timeout: 0 milliseconds
	at sun.reflect.NativeConstructorAccessorImpl.newInstance0(Native Method)
	at sun.reflect.NativeConstructorAccessorImpl.newInstance(NativeConstructorAccessorImpl.java:57)
	at sun.reflect.DelegatingConstructorAccessorImpl.newInstance(DelegatingConstructorAccessorImpl.java:45)
	at java.lang.reflect.Constructor.newInstance(Constructor.java:406)
	at org.openqa.selenium.remote.ErrorHandler.createThrowable(ErrorHandler.java:214)
	at org.openqa.selenium.remote.ErrorHandler.throwIfResponseFailed(ErrorHandler.java:166)
	at org.openqa.selenium.remote.http.JsonHttpResponseCodec.reconstructValue(JsonHttpResponseCodec.java:40)
	at org.openqa.selenium.remote.http.AbstractHttpResponseCodec.decode(AbstractHttpResponseCodec.java:80)
	at org.openqa.selenium.remote.http.AbstractHttpResponseCodec.decode(AbstractHttpResponseCodec.java:44)
	at org.openqa.selenium.remote.HttpCommandExecutor.execute(HttpCommandExecutor.java:158)
	at org.openqa.selenium.remote.RemoteWebDriver.execute(RemoteWebDriver.java:548)
	at org.openqa.selenium.remote.RemoteWebDriver.executeScript(RemoteWebDriver.java:485)
	at com.init.Common.jsClick(Common.java:623)
	at com.indexpage.ValidatePaymentMethod_GeneralindexPage.Shipping_Customernew(ValidatePaymentMethod_GeneralindexPage.java:1195)
	at com.index.ValidatePaymentMethod_Index.ValidatePaymentMethod(ValidatePaymentMethod_Index.java:725)
	at sun.reflect.NativeMethodAccessorImpl.invoke0(Native Method)
	at sun.reflect.NativeMethodAccessorImpl.invoke(NativeMethodAccessorImpl.java:57)
	at sun.reflect.DelegatingMethodAccessorImpl.invoke(DelegatingMethodAccessorImpl.java:43)
	at java.lang.reflect.Method.invoke(Method.java:483)
	at org.testng.internal.MethodInvocationHelper.invokeMethod(MethodInvocationHelper.java:124)
	at org.testng.internal.Invoker.invokeMethod(Invoker.java:571)
	at org.testng.internal.Invoker.invokeTestMethod(Invoker.java:707)
	at org.testng.internal.Invoker.invokeTestMethods(Invoker.java:979)
	at org.testng.internal.TestMethodWorker.invokeTestMethods(TestMethodWorker.java:125)
	at org.testng.internal.TestMethodWorker.run(TestMethodWorker.java:109)
	at org.testng.TestRunner.privateRun(TestRunner.java:648)
	at org.testng.TestRunner.run(TestRunner.java:505)
	at org.testng.SuiteRunner.runTest(SuiteRunner.java:455)
	at org.testng.SuiteRunner.runSequentially(SuiteRunner.java:450)
	at org.testng.SuiteRunner.privateRun(SuiteRunner.java:415)
	at org.testng.SuiteRunner.run(SuiteRunner.java:364)
	at org.testng.SuiteRunnerWorker.runSuite(SuiteRunnerWorker.java:52)
	at org.testng.SuiteRunnerWorker.run(SuiteRunnerWorker.java:84)
	at org.testng.TestNG.runSuitesSequentially(TestNG.java:1187)
	at org.testng.TestNG.runSuitesLocally(TestNG.java:1116)
	at org.testng.TestNG.runSuites(TestNG.java:1028)
	at org.testng.TestNG.run(TestNG.java:996)
	at org.testng.remote.AbstractRemoteTestNG.run(AbstractRemoteTestNG.java:114)
	at org.testng.remote.RemoteTestNG.initAndRun(RemoteTestNG.java:251)
	at org.testng.remote.RemoteTestNG.main(RemoteTestNG.java:77)
Caused by: org.openqa.selenium.remote.ScreenshotException: Screen shot has been taken
	at org.openqa.selenium.remote.ErrorHandler.throwIfResponseFailed(ErrorHandler.java:140)
	... 34 more
Caused by: org.openqa.selenium.StaleElementReferenceException: stale element reference: element is not attached to the page document
  (Session info: chrome=70.0.3538.67)
  (Driver info: chromedriver=2.37.544315 (730aa6a5fdba159ac9f4c1e8cbc59bf1b5ce12b7),platform=Windows NT 6.1.7600 x86_64) (WARNING: The server did not provide any stacktrace information)
Command duration or timeout: 10 milliseconds
For documentation on this error, please visit: http://seleniumhq.org/exceptions/stale_element_reference.html
Build info: version: &apos;2.53.1&apos;, revision: &apos;a36b8b1&apos;, time: &apos;2016-06-30 17:37:03&apos;
System info: host: &apos;iball-PC&apos;, ip: &apos;192.168.56.1&apos;, os.name: &apos;Windows 7&apos;, os.arch: &apos;amd64&apos;, os.version: &apos;6.1&apos;, java.version: &apos;1.8.0-ea&apos;
Driver info: org.openqa.selenium.chrome.ChromeDriver
Capabilities [{applicationCacheEnabled=false, rotatable=false, mobileEmulationEnabled=false, networkConnectionEnabled=false, chrome={chromedriverVersion=2.37.544315 (730aa6a5fdba159ac9f4c1e8cbc59bf1b5ce12b7), userDataDir=C:\Users\IBALL~1\AppData\Local\Temp\scoped_dir4560_31459}, takesHeapSnapshot=true, pageLoadStrategy=normal, databaseEnabled=false, handlesAlerts=true, hasTouchScreen=false, version=70.0.3538.67, platform=XP, browserConnectionEnabled=false, nativeEvents=true, acceptSslCerts=false, acceptInsecureCerts=false, locationContextEnabled=true, webStorageEnabled=true, browserName=chrome, takesScreenshot=true, javascriptEnabled=true, cssSelectorsEnabled=true, setWindowRect=true, unexpectedAlertBehaviour=}]
Session ID: 9248f94fe46468046d4af10b54d8376e
For documentation on this error, please visit: http://seleniumhq.org/exceptions/stale_element_reference.html
Build info: version: &apos;3.14.0&apos;, revision: &apos;aacccce0&apos;, time: &apos;2018-08-02T20:19:58.91Z&apos;
System info: host: &apos;IBALL-PC&apos;, ip: &apos;192.168.56.1&apos;, os.name: &apos;Windows 7&apos;, os.arch: &apos;amd64&apos;, os.version: &apos;6.1&apos;, java.version: &apos;1.8.0-ea&apos;
Driver info: driver.version: EventFiringWebDriver
	at sun.reflect.NativeConstructorAccessorImpl.newInstance0(Native Method)
	at sun.reflect.NativeConstructorAccessorImpl.newInstance(Unknown Source)
	at sun.reflect.DelegatingConstructorAccessorImpl.newInstance(Unknown Source)
	at java.lang.reflect.Constructor.newInstance(Unknown Source)
	at org.openqa.selenium.remote.ErrorHandler.createThrowable(ErrorHandler.java:206)
	at org.openqa.selenium.remote.ErrorHandler.throwIfResponseFailed(ErrorHandler.java:158)
	at org.openqa.selenium.remote.RemoteWebDriver.execute(RemoteWebDriver.java:678)
	at org.openqa.selenium.remote.RemoteWebDriver.executeScript(RemoteWebDriver.java:577)
	at sun.reflect.NativeMethodAccessorImpl.invoke0(Native Method)
	at sun.reflect.NativeMethodAccessorImpl.invoke(Unknown Source)
	at sun.reflect.DelegatingMethodAccessorImpl.invoke(Unknown Source)
	at java.lang.reflect.Method.invoke(Unknown Source)
	at org.openqa.selenium.support.events.EventFiringWebDriver$2.invoke(EventFiringWebDriver.java:103)
	at com.sun.proxy.$Proxy1.executeScript(Unknown Source)
	at org.openqa.selenium.support.events.EventFiringWebDriver.executeScript(EventFiringWebDriver.java:217)
	at org.openqa.selenium.remote.server.handler.ExecuteScript.call(ExecuteScript.java:54)
	at java.util.concurrent.FutureTask.run(Unknown Source)
	at org.openqa.selenium.remote.server.DefaultSession$1.run(DefaultSession.java:176)
	at java.util.concurrent.ThreadPoolExecutor.runWorker(Unknown Source)
	at java.util.concurrent.ThreadPoolExecutor$Worker.run(Unknown Source)
	at java.lang.Thread.run(Unknown Source)
</pre></div></td>
<td>505</td>
<td>com.index.ValidatePaymentMethod_Index@52525845</td></tr>
</table><p>
</body>
</html>