<html>
<head>
<title>TestNG:  TC_7: Add to cart subpanel scenario  </title>
<link href="../testng.css" rel="stylesheet" type="text/css" />
<link href="../my-testng.css" rel="stylesheet" type="text/css" />

<style type="text/css">
.log { display: none;} 
.stack-trace { display: none;} 
</style>
<script type="text/javascript">
<!--
function flip(e) {
  current = e.style.display;
  if (current == 'block') {
    e.style.display = 'none';
    return 0;
  }
  else {
    e.style.display = 'block';
    return 1;
  }
}

function toggleBox(szDivId, elem, msg1, msg2)
{
  var res = -1;  if (document.getElementById) {
    res = flip(document.getElementById(szDivId));
  }
  else if (document.all) {
    // this is the way old msie versions work
    res = flip(document.all[szDivId]);
  }
  if(elem) {
    if(res == 0) elem.innerHTML = msg1; else elem.innerHTML = msg2;
  }

}

function toggleAllBoxes() {
  if (document.getElementsByTagName) {
    d = document.getElementsByTagName('div');
    for (i = 0; i < d.length; i++) {
      if (d[i].className == 'log') {
        flip(d[i]);
      }
    }
  }
}

// -->
</script>

</head>
<body>
<h2 align='center'>TC_7: Add to cart subpanel scenario  </h2><table border='1' align="center">
<tr>
<td>Tests passed/Failed/Skipped:</td><td>1/0/1</td>
</tr><tr>
<td>Started on:</td><td>Wed Oct 17 11:26:14 IST 2018</td>
</tr>
<tr><td>Total time:</td><td>194 seconds (194710 ms)</td>
</tr><tr>
<td>Included groups:</td><td></td>
</tr><tr>
<td>Excluded groups:</td><td></td>
</tr>
</table><p/>
<small><i>(Hover the method name to see the test class name)</i></small><p/>
<table width='100%' border='1' class='invocation-passed'>
<tr><td colspan='4' align='center'><b>PASSED TESTS</b></td></tr>
<tr><td><b>Test method</b></td>
<td width="30%"><b>Exception</b></td>
<td width="10%"><b>Time (seconds)</b></td>
<td><b>Instance</b></td>
</tr>
<tr>
<td title='com.index.AddtoCartDeleteIncreaseDecreaseProduct_Index.AddtoCartDeleteIncreaseDecreaseProduct()'><b>AddtoCartDeleteIncreaseDecreaseProduct</b><br>Test class: com.index.AddtoCartDeleteIncreaseDecreaseProduct_Index<br/>
<a href="#Output-775739186" onClick='toggleBox("Output-775739186", this, "Show output", "Hide output");'>Show output</a>

<a href="#Output-775739186" onClick="toggleAllBoxes();">Show all outputs</a>
<div class='log' id="Output-775739186">
<strong> <h3 style="color:#FFA500"> Test Scenario 7: Add to Cart Delete Increase Decrease Product</h3> </strong><br/>
<strong> <h3 style="color:#FF0000"> Time and Date of Test Execution2018-10-17  11:27:48</h3> </strong><br/>
<strong> <h3 style="color:Blue"> Step 1 : Open URL is: https://promed-dev-scripco-refapp.accorin.us/</a></h3> </strong><br/>
<br><strong>===============>Page URL is Open</br></strong></br><br/>
<strong> <h3 style="color:Blue"> To Verify that Home Page is Displayed</br></h3> </strong><br/>
<br><strong>Step :2 Open the Application</br></strong></br><br/>
<strong> <h3 style="color:Blue"> Welcome Msg is Displayed ====>: WELCOME TO OUR NEW SITE</h3> </strong><br/>
<br></br> <Strong><font color=#008000><b> &#10004 PASS</b></font></strong><br/>
===>Home page is opened and Logo is Matched</br><br/>
<br><strong>Step :3 Mouse Over to Orthopedic in Home Page </br></strong></br><br/>
<br><strong>===============>Menu will Appear with Product list</br></strong></br><br/>
<br><strong>Step :4 Click on Positioning under Orthopedic </br></strong></br><br/>
<br><strong>===============>Orthopedic option will Appear under Positioning</br></strong></br><br/>
<br><strong>Step :5 Click on Add to Cart Button </br></strong></br><br/>
<br><strong>===============>Product will be Added to Cart</br></strong></br><br/>
<br><strong>Step :6 Click on My Cart Option </br></strong></br><br/>
<br><strong>===============>User should see the Product Under My Cart</br></strong></br><br/>
<strong> <h3 style="color:Blue">  Verify that the Product which has been Selected is showing under My Cart Option</h3> </strong><br/>
<br><strong>Item Selected in the Page Matches Item in the Cart : Foam Leg Elevating Splint, 8" - Elevated Wedge Cushion</br></br></strong></br><br/>
Converting String to Int of Original Price : 70.59<br/>
<br><strong>=========>Converting Double to Integer<=======</strong></br><br/>
<br><strong>Item Selected in the Page : Foam Leg Elevating Splint, 8" - Elevated Wedge Cushion</strong></br><br/>
Converting String to Int of Original Price : 70.59<br/>
<strong> <h3 style="color:Blue"> Comparing the two Items</h3> </strong><br/>
<br><strong>Item Selected and Item in My Cart Matches</strong></br><br/>
<br></br> <Strong><font color=#008000><b> &#10004 PASS</b></font></strong><br/>
<strong> <h3 style="color:Blue"> Price Comparing</h3> </strong><br/>
<br><strong>Item Selected and Item in My Cart Price Matches</strong></br><br/>
<br></br> <Strong><font color=#008000><b> &#10004 PASS</b></font></strong><br/>
===>Product and Price Verified in My Cart</br><br/>
<strong> <h3 style="color:Blue"> Item Quantity Verified</h3> </strong><br/>
<br><strong>Total Quantity of Product is Displayed ====>: 1</strong></br><br/>
<br></br> <Strong><font color=#008000><b> &#10004 PASS</b></font></strong><br/>
===>Product Item is Same as Selected</br><br/>
<br><strong>Step :7 Increase the Product Quantity  </br></strong></br><br/>
<br><strong>===============>Product Quantity Should Increase</br></strong></br><br/>
Product Quantity ===>1<br/>
Click on Update<br/>
<br><strong>Step :8 Decrease the Product Quantity  </br></strong></br><br/>
<br><strong>===============>Product Quantity Should Decrease</br></strong></br><br/>
Product Quantity ===>3<br/>
Click on Update<br/>
<br><strong>Step :9 Remove the Product  </br></strong></br><br/>
<br><strong>===============>Product is removed</br></strong></br><br/>
</div>
</td>
<td></td>
<td>86</td>
<td>com.index.AddtoCartDeleteIncreaseDecreaseProduct_Index@276438c9</td></tr>
</table><p>
<table width='100%' border='1' class='invocation-skipped'>
<tr><td colspan='4' align='center'><b>SKIPPED TESTS</b></td></tr>
<tr><td><b>Test method</b></td>
<td width="30%"><b>Exception</b></td>
<td width="10%"><b>Time (seconds)</b></td>
<td><b>Instance</b></td>
</tr>
<tr>
<td title='com.index.AddtoCartDeleteIncreaseDecreaseProduct_Index.AddtoCartDeleteIncreaseDecreaseProduct()'><b>AddtoCartDeleteIncreaseDecreaseProduct</b><br>Test class: com.index.AddtoCartDeleteIncreaseDecreaseProduct_Index<br/>
<a href="#Output-150306380" onClick='toggleBox("Output-150306380", this, "Show output", "Hide output");'>Show output</a>

<a href="#Output-150306380" onClick="toggleAllBoxes();">Show all outputs</a>
<div class='log' id="Output-150306380">
<strong> <h3 style="color:#FFA500"> Test Scenario 7: Add to Cart Delete Increase Decrease Product</h3> </strong><br/>
<strong> <h3 style="color:#FF0000"> Time and Date of Test Execution2018-10-17  11:26:27</h3> </strong><br/>
<strong> <h3 style="color:Blue"> Step 1 : Open URL is: https://promed-dev-scripco-refapp.accorin.us/</a></h3> </strong><br/>
<br><strong>===============>Page URL is Open</br></strong></br><br/>
<strong> <h3 style="color:Blue"> To Verify that Home Page is Displayed</br></h3> </strong><br/>
<br><strong>Step :2 Open the Application</br></strong></br><br/>
<strong> <h3 style="color:Blue"> Welcome Msg is Displayed ====>: WELCOME TO OUR NEW SITE</h3> </strong><br/>
<br></br> <Strong><font color=#008000><b> &#10004 PASS</b></font></strong><br/>
===>Home page is opened and Logo is Matched</br><br/>
<br><strong>Step :3 Mouse Over to Orthopedic in Home Page </br></strong></br><br/>
<br><strong>===============>Menu will Appear with Product list</br></strong></br><br/>
<br><strong>Step :4 Click on Positioning under Orthopedic </br></strong></br><br/>
<br><strong>===============>Orthopedic option will Appear under Positioning</br></strong></br><br/>
<br><strong>Step :5 Click on Add to Cart Button </br></strong></br><br/>
<br><strong>===============>Product will be Added to Cart</br></strong></br><br/>
<br><strong>Step :6 Click on My Cart Option </br></strong></br><br/>
<br><strong>===============>User should see the Product Under My Cart</br></strong></br><br/>
<strong> <h3 style="color:Blue">  Verify that the Product which has been Selected is showing under My Cart Option</h3> </strong><br/>
<br><strong>Item Selected in the Page Matches Item in the Cart : Foam Leg Elevating Splint, 8" - Elevated Wedge Cushion</br></br></strong></br><br/>
Converting String to Int of Original Price : 70.59<br/>
<br><strong>=========>Converting Double to Integer<=======</strong></br><br/>
<br><strong>Item Selected in the Page : Foam Leg Elevating Splint, 8" - Elevated Wedge Cushion</strong></br><br/>
Converting String to Int of Original Price : 70.59<br/>
<strong> <h3 style="color:Blue"> Comparing the two Items</h3> </strong><br/>
<br><strong>Item Selected and Item in My Cart Matches</strong></br><br/>
<br></br> <Strong><font color=#008000><b> &#10004 PASS</b></font></strong><br/>
<strong> <h3 style="color:Blue"> Price Comparing</h3> </strong><br/>
<br><strong>Item Selected and Item in My Cart Price Matches</strong></br><br/>
<br></br> <Strong><font color=#008000><b> &#10004 PASS</b></font></strong><br/>
===>Product and Price Verified in My Cart</br><br/>
<strong> <h3 style="color:Blue"> Item Quantity Verified</h3> </strong><br/>
<br><strong>Total Quantity of Product is Displayed ====>: 1</strong></br><br/>
<br></br> <Strong><font color=#008000><b> &#10004 PASS</b></font></strong><br/>
===>Product Item is Same as Selected</br><br/>
<br><strong>Step :7 Increase the Product Quantity  </br></strong></br><br/>
<br><strong>===============>Product Quantity Should Increase</br></strong></br><br/>
Product Quantity ===>1<br/>
Click on Update<br/>
<br><strong>Step :8 Decrease the Product Quantity  </br></strong></br><br/>
<br><strong>===============>Product Quantity Should Decrease</br></strong></br><br/>
<br> <b>Please look to the screenshot - </b><br/>
<br><Strong><font color=#FF0000>--Failed</font></strong><br/>
<a href='../test-output/screenshots/1017112728937AddtoCartDeleteIncreaseDecreaseProduct.png' target='_new'>1017112728937AddtoCartDeleteIncreaseDecreaseProduct.png</a><br/>
</div>
</td>
<td><div><pre>org.openqa.selenium.ElementNotVisibleException: element not visible
  (Session info: chrome=69.0.3497.100)
  (Driver info: chromedriver=2.37.544315 (730aa6a5fdba159ac9f4c1e8cbc59bf1b5ce12b7),platform=Windows NT 6.1.7600 x86_64) (WARNING: The server did not provide any stacktrace information)
Command duration or timeout: 20 milliseconds
Build info: version: &apos;2.53.1&apos;, revision: &apos;a36b8b1&apos;, time: &apos;2016-06-30 17:37:03&apos;
System info: host: &apos;iball-PC&apos;, ip: &apos;192.168.1.152&apos;, os.name: &apos;Windows 7&apos;, os.arch: &apos;amd64&apos;, os.version: &apos;6.1&apos;, java.version: &apos;1.8.0-ea&apos;
Driver info: org.openqa.selenium.chrome.ChromeDriver
Capabilities [{applicationCacheEnabled=false, rotatable=false, mobileEmulationEnabled=false, networkConnectionEnabled=false, chrome={chromedriverVersion=2.37.544315 (730aa6a5fdba159ac9f4c1e8cbc59bf1b5ce12b7), userDataDir=C:\Users\IBALL~1\AppData\Local\Temp\scoped_dir3148_5369}, takesHeapSnapshot=true, pageLoadStrategy=normal, databaseEnabled=false, handlesAlerts=true, hasTouchScreen=false, version=69.0.3497.100, platform=XP, browserConnectionEnabled=false, nativeEvents=true, acceptSslCerts=false, acceptInsecureCerts=false, locationContextEnabled=true, webStorageEnabled=true, browserName=chrome, takesScreenshot=true, javascriptEnabled=true, cssSelectorsEnabled=true, setWindowRect=true, unexpectedAlertBehaviour=}]
Session ID: a3e82e910a42a31ba4455a54fee9381f
Command duration or timeout: 0 milliseconds
	at sun.reflect.NativeConstructorAccessorImpl.newInstance0(Native Method)
	at sun.reflect.NativeConstructorAccessorImpl.newInstance(NativeConstructorAccessorImpl.java:57)
	at sun.reflect.DelegatingConstructorAccessorImpl.newInstance(DelegatingConstructorAccessorImpl.java:45)
	at java.lang.reflect.Constructor.newInstance(Constructor.java:406)
	at org.openqa.selenium.remote.ErrorHandler.createThrowable(ErrorHandler.java:214)
	at org.openqa.selenium.remote.ErrorHandler.throwIfResponseFailed(ErrorHandler.java:166)
	at org.openqa.selenium.remote.http.JsonHttpResponseCodec.reconstructValue(JsonHttpResponseCodec.java:40)
	at org.openqa.selenium.remote.http.AbstractHttpResponseCodec.decode(AbstractHttpResponseCodec.java:80)
	at org.openqa.selenium.remote.http.AbstractHttpResponseCodec.decode(AbstractHttpResponseCodec.java:44)
	at org.openqa.selenium.remote.HttpCommandExecutor.execute(HttpCommandExecutor.java:158)
	at org.openqa.selenium.remote.RemoteWebDriver.execute(RemoteWebDriver.java:548)
	at org.openqa.selenium.remote.RemoteWebElement.execute(RemoteWebElement.java:276)
	at org.openqa.selenium.remote.RemoteWebElement.click(RemoteWebElement.java:83)
	at sun.reflect.GeneratedMethodAccessor2.invoke(Unknown Source)
	at sun.reflect.DelegatingMethodAccessorImpl.invoke(DelegatingMethodAccessorImpl.java:43)
	at java.lang.reflect.Method.invoke(Method.java:483)
	at org.openqa.selenium.support.pagefactory.internal.LocatingElementHandler.invoke(LocatingElementHandler.java:51)
	at com.sun.proxy.$Proxy10.click(Unknown Source)
	at com.indexpage.AddtoCartDeleteIncreaseDecreaseProduct_GeneralIndexpage.decreaseproductQuantity(AddtoCartDeleteIncreaseDecreaseProduct_GeneralIndexpage.java:149)
	at com.index.AddtoCartDeleteIncreaseDecreaseProduct_Index.AddtoCartDeleteIncreaseDecreaseProduct(AddtoCartDeleteIncreaseDecreaseProduct_Index.java:138)
	at sun.reflect.NativeMethodAccessorImpl.invoke0(Native Method)
	at sun.reflect.NativeMethodAccessorImpl.invoke(NativeMethodAccessorImpl.java:57)
	at sun.reflect.DelegatingMethodAccessorImpl.invoke(DelegatingMethodAccessorImpl.java:43)
	at java.lang.reflect.Method.invoke(Method.java:483)
	at org.testng.internal.MethodInvocationHelper.invokeMethod(MethodInvocationHelper.java:124)
	at org.testng.internal.Invoker.invokeMethod(Invoker.java:571)
	at org.testng.internal.Invoker.invokeTestMethod(Invoker.java:707)
	at org.testng.internal.Invoker.invokeTestMethods(Invoker.java:979)
	at org.testng.internal.TestMethodWorker.invokeTestMethods(TestMethodWorker.java:125)
	at org.testng.internal.TestMethodWorker.run(TestMethodWorker.java:109)
	at org.testng.TestRunner.privateRun(TestRunner.java:648)
	at org.testng.TestRunner.run(TestRunner.java:505)
	at org.testng.SuiteRunner.runTest(SuiteRunner.java:455)
	at org.testng.SuiteRunner.runSequentially(SuiteRunner.java:450)
	at org.testng.SuiteRunner.privateRun(SuiteRunner.java:415)
	at org.testng.SuiteRunner.run(SuiteRunner.java:364)
	at org.testng.SuiteRunnerWorker.runSuite(SuiteRunnerWorker.java:52)
	at org.testng.SuiteRunnerWorker.run(SuiteRunnerWorker.java:84)
	at org.testng.TestNG.runSuitesSequentially(TestNG.java:1187)
	at org.testng.TestNG.runSuitesLocally(TestNG.java:1116)
	at org.testng.TestNG.runSuites(TestNG.java:1028)
	at org.testng.TestNG.run(TestNG.java:996)
	at org.testng.remote.AbstractRemoteTestNG.run(AbstractRemoteTestNG.java:114)
	at org.testng.remote.RemoteTestNG.initAndRun(RemoteTestNG.java:251)
	at org.testng.remote.RemoteTestNG.main(RemoteTestNG.java:77)
Caused by: org.openqa.selenium.remote.ScreenshotException: Screen shot has been taken
	at org.openqa.selenium.remote.ErrorHandler.throwIfResponseFailed(ErrorHandler.java:140)
	... 39 more
Caused by: org.openqa.selenium.ElementNotVisibleException: element not visible
  (Session info: chrome=69.0.3497.100)
  (Driver info: chromedriver=2.37.544315 (730aa6a5fdba159ac9f4c1e8cbc59bf1b5ce12b7),platform=Windows NT 6.1.7600 x86_64) (WARNING: The server did not provide any stacktrace information)
Command duration or timeout: 20 milliseconds
Build info: version: &apos;2.53.1&apos;, revision: &apos;a36b8b1&apos;, time: &apos;2016-06-30 17:37:03&apos;
System info: host: &apos;iball-PC&apos;, ip: &apos;192.168.1.152&apos;, os.name: &apos;Windows 7&apos;, os.arch: &apos;amd64&apos;, os.version: &apos;6.1&apos;, java.version: &apos;1.8.0-ea&apos;
Driver info: org.openqa.selenium.chrome.ChromeDriver
Capabilities [{applicationCacheEnabled=false, rotatable=false, mobileEmulationEnabled=false, networkConnectionEnabled=false, chrome={chromedriverVersion=2.37.544315 (730aa6a5fdba159ac9f4c1e8cbc59bf1b5ce12b7), userDataDir=C:\Users\IBALL~1\AppData\Local\Temp\scoped_dir3148_5369}, takesHeapSnapshot=true, pageLoadStrategy=normal, databaseEnabled=false, handlesAlerts=true, hasTouchScreen=false, version=69.0.3497.100, platform=XP, browserConnectionEnabled=false, nativeEvents=true, acceptSslCerts=false, acceptInsecureCerts=false, locationContextEnabled=true, webStorageEnabled=true, browserName=chrome, takesScreenshot=true, javascriptEnabled=true, cssSelectorsEnabled=true, setWindowRect=true, unexpectedAlertBehaviour=}]
Session ID: a3e82e910a42a31ba4455a54fee9381f
Build info: version: &apos;3.14.0&apos;, revision: &apos;aacccce0&apos;, time: &apos;2018-08-02T20:19:58.91Z&apos;
System info: host: &apos;IBALL-PC&apos;, ip: &apos;192.168.1.152&apos;, os.name: &apos;Windows 7&apos;, os.arch: &apos;amd64&apos;, os.version: &apos;6.1&apos;, java.version: &apos;1.8.0-ea&apos;
Driver info: driver.version: RemoteWebDriver
	at sun.reflect.NativeConstructorAccessorImpl.newInstance0(Native Method)
	at sun.reflect.NativeConstructorAccessorImpl.newInstance(Unknown Source)
	at sun.reflect.DelegatingConstructorAccessorImpl.newInstance(Unknown Source)
	at java.lang.reflect.Constructor.newInstance(Unknown Source)
	at org.openqa.selenium.remote.ErrorHandler.createThrowable(ErrorHandler.java:206)
	at org.openqa.selenium.remote.ErrorHandler.throwIfResponseFailed(ErrorHandler.java:158)
	at org.openqa.selenium.remote.RemoteWebDriver.execute(RemoteWebDriver.java:678)
	at org.openqa.selenium.remote.RemoteWebElement.execute(RemoteWebElement.java:327)
	at org.openqa.selenium.remote.RemoteWebElement.click(RemoteWebElement.java:85)
	at sun.reflect.GeneratedMethodAccessor11.invoke(Unknown Source)
	at sun.reflect.DelegatingMethodAccessorImpl.invoke(Unknown Source)
	at java.lang.reflect.Method.invoke(Unknown Source)
	at org.openqa.selenium.support.events.EventFiringWebDriver$EventFiringWebElement$1.invoke(EventFiringWebDriver.java:335)
	at com.sun.proxy.$Proxy2.click(Unknown Source)
	at org.openqa.selenium.support.events.EventFiringWebDriver$EventFiringWebElement.click(EventFiringWebDriver.java:348)
	at sun.reflect.GeneratedMethodAccessor11.invoke(Unknown Source)
	at sun.reflect.DelegatingMethodAccessorImpl.invoke(Unknown Source)
	at java.lang.reflect.Method.invoke(Unknown Source)
	at org.openqa.selenium.remote.server.KnownElements$1.invoke(KnownElements.java:64)
	at com.sun.proxy.$Proxy3.click(Unknown Source)
	at org.openqa.selenium.remote.server.handler.ClickElement.call(ClickElement.java:30)
	at org.openqa.selenium.remote.server.handler.ClickElement.call(ClickElement.java:1)
	at java.util.concurrent.FutureTask.run(Unknown Source)
	at org.openqa.selenium.remote.server.DefaultSession$1.run(DefaultSession.java:176)
	at java.util.concurrent.ThreadPoolExecutor.runWorker(Unknown Source)
	at java.util.concurrent.ThreadPoolExecutor$Worker.run(Unknown Source)
	at java.lang.Thread.run(Unknown Source)
</pre></div><a href='#' onClick='toggleBox("stack-trace150306380", this, "Click to show all stack frames", "Click to hide stack frames")'>Click to show all stack frames</a>
<div class='stack-trace' id='stack-trace150306380'><pre>org.openqa.selenium.ElementNotVisibleException: element not visible
  (Session info: chrome=69.0.3497.100)
  (Driver info: chromedriver=2.37.544315 (730aa6a5fdba159ac9f4c1e8cbc59bf1b5ce12b7),platform=Windows NT 6.1.7600 x86_64) (WARNING: The server did not provide any stacktrace information)
Command duration or timeout: 20 milliseconds
Build info: version: &apos;2.53.1&apos;, revision: &apos;a36b8b1&apos;, time: &apos;2016-06-30 17:37:03&apos;
System info: host: &apos;iball-PC&apos;, ip: &apos;192.168.1.152&apos;, os.name: &apos;Windows 7&apos;, os.arch: &apos;amd64&apos;, os.version: &apos;6.1&apos;, java.version: &apos;1.8.0-ea&apos;
Driver info: org.openqa.selenium.chrome.ChromeDriver
Capabilities [{applicationCacheEnabled=false, rotatable=false, mobileEmulationEnabled=false, networkConnectionEnabled=false, chrome={chromedriverVersion=2.37.544315 (730aa6a5fdba159ac9f4c1e8cbc59bf1b5ce12b7), userDataDir=C:\Users\IBALL~1\AppData\Local\Temp\scoped_dir3148_5369}, takesHeapSnapshot=true, pageLoadStrategy=normal, databaseEnabled=false, handlesAlerts=true, hasTouchScreen=false, version=69.0.3497.100, platform=XP, browserConnectionEnabled=false, nativeEvents=true, acceptSslCerts=false, acceptInsecureCerts=false, locationContextEnabled=true, webStorageEnabled=true, browserName=chrome, takesScreenshot=true, javascriptEnabled=true, cssSelectorsEnabled=true, setWindowRect=true, unexpectedAlertBehaviour=}]
Session ID: a3e82e910a42a31ba4455a54fee9381f
Command duration or timeout: 0 milliseconds
	at sun.reflect.NativeConstructorAccessorImpl.newInstance0(Native Method)
	at sun.reflect.NativeConstructorAccessorImpl.newInstance(NativeConstructorAccessorImpl.java:57)
	at sun.reflect.DelegatingConstructorAccessorImpl.newInstance(DelegatingConstructorAccessorImpl.java:45)
	at java.lang.reflect.Constructor.newInstance(Constructor.java:406)
	at org.openqa.selenium.remote.ErrorHandler.createThrowable(ErrorHandler.java:214)
	at org.openqa.selenium.remote.ErrorHandler.throwIfResponseFailed(ErrorHandler.java:166)
	at org.openqa.selenium.remote.http.JsonHttpResponseCodec.reconstructValue(JsonHttpResponseCodec.java:40)
	at org.openqa.selenium.remote.http.AbstractHttpResponseCodec.decode(AbstractHttpResponseCodec.java:80)
	at org.openqa.selenium.remote.http.AbstractHttpResponseCodec.decode(AbstractHttpResponseCodec.java:44)
	at org.openqa.selenium.remote.HttpCommandExecutor.execute(HttpCommandExecutor.java:158)
	at org.openqa.selenium.remote.RemoteWebDriver.execute(RemoteWebDriver.java:548)
	at org.openqa.selenium.remote.RemoteWebElement.execute(RemoteWebElement.java:276)
	at org.openqa.selenium.remote.RemoteWebElement.click(RemoteWebElement.java:83)
	at sun.reflect.GeneratedMethodAccessor2.invoke(Unknown Source)
	at sun.reflect.DelegatingMethodAccessorImpl.invoke(DelegatingMethodAccessorImpl.java:43)
	at java.lang.reflect.Method.invoke(Method.java:483)
	at org.openqa.selenium.support.pagefactory.internal.LocatingElementHandler.invoke(LocatingElementHandler.java:51)
	at com.sun.proxy.$Proxy10.click(Unknown Source)
	at com.indexpage.AddtoCartDeleteIncreaseDecreaseProduct_GeneralIndexpage.decreaseproductQuantity(AddtoCartDeleteIncreaseDecreaseProduct_GeneralIndexpage.java:149)
	at com.index.AddtoCartDeleteIncreaseDecreaseProduct_Index.AddtoCartDeleteIncreaseDecreaseProduct(AddtoCartDeleteIncreaseDecreaseProduct_Index.java:138)
	at sun.reflect.NativeMethodAccessorImpl.invoke0(Native Method)
	at sun.reflect.NativeMethodAccessorImpl.invoke(NativeMethodAccessorImpl.java:57)
	at sun.reflect.DelegatingMethodAccessorImpl.invoke(DelegatingMethodAccessorImpl.java:43)
	at java.lang.reflect.Method.invoke(Method.java:483)
	at org.testng.internal.MethodInvocationHelper.invokeMethod(MethodInvocationHelper.java:124)
	at org.testng.internal.Invoker.invokeMethod(Invoker.java:571)
	at org.testng.internal.Invoker.invokeTestMethod(Invoker.java:707)
	at org.testng.internal.Invoker.invokeTestMethods(Invoker.java:979)
	at org.testng.internal.TestMethodWorker.invokeTestMethods(TestMethodWorker.java:125)
	at org.testng.internal.TestMethodWorker.run(TestMethodWorker.java:109)
	at org.testng.TestRunner.privateRun(TestRunner.java:648)
	at org.testng.TestRunner.run(TestRunner.java:505)
	at org.testng.SuiteRunner.runTest(SuiteRunner.java:455)
	at org.testng.SuiteRunner.runSequentially(SuiteRunner.java:450)
	at org.testng.SuiteRunner.privateRun(SuiteRunner.java:415)
	at org.testng.SuiteRunner.run(SuiteRunner.java:364)
	at org.testng.SuiteRunnerWorker.runSuite(SuiteRunnerWorker.java:52)
	at org.testng.SuiteRunnerWorker.run(SuiteRunnerWorker.java:84)
	at org.testng.TestNG.runSuitesSequentially(TestNG.java:1187)
	at org.testng.TestNG.runSuitesLocally(TestNG.java:1116)
	at org.testng.TestNG.runSuites(TestNG.java:1028)
	at org.testng.TestNG.run(TestNG.java:996)
	at org.testng.remote.AbstractRemoteTestNG.run(AbstractRemoteTestNG.java:114)
	at org.testng.remote.RemoteTestNG.initAndRun(RemoteTestNG.java:251)
	at org.testng.remote.RemoteTestNG.main(RemoteTestNG.java:77)
Caused by: org.openqa.selenium.remote.ScreenshotException: Screen shot has been taken
	at org.openqa.selenium.remote.ErrorHandler.throwIfResponseFailed(ErrorHandler.java:140)
	... 39 more
Caused by: org.openqa.selenium.ElementNotVisibleException: element not visible
  (Session info: chrome=69.0.3497.100)
  (Driver info: chromedriver=2.37.544315 (730aa6a5fdba159ac9f4c1e8cbc59bf1b5ce12b7),platform=Windows NT 6.1.7600 x86_64) (WARNING: The server did not provide any stacktrace information)
Command duration or timeout: 20 milliseconds
Build info: version: &apos;2.53.1&apos;, revision: &apos;a36b8b1&apos;, time: &apos;2016-06-30 17:37:03&apos;
System info: host: &apos;iball-PC&apos;, ip: &apos;192.168.1.152&apos;, os.name: &apos;Windows 7&apos;, os.arch: &apos;amd64&apos;, os.version: &apos;6.1&apos;, java.version: &apos;1.8.0-ea&apos;
Driver info: org.openqa.selenium.chrome.ChromeDriver
Capabilities [{applicationCacheEnabled=false, rotatable=false, mobileEmulationEnabled=false, networkConnectionEnabled=false, chrome={chromedriverVersion=2.37.544315 (730aa6a5fdba159ac9f4c1e8cbc59bf1b5ce12b7), userDataDir=C:\Users\IBALL~1\AppData\Local\Temp\scoped_dir3148_5369}, takesHeapSnapshot=true, pageLoadStrategy=normal, databaseEnabled=false, handlesAlerts=true, hasTouchScreen=false, version=69.0.3497.100, platform=XP, browserConnectionEnabled=false, nativeEvents=true, acceptSslCerts=false, acceptInsecureCerts=false, locationContextEnabled=true, webStorageEnabled=true, browserName=chrome, takesScreenshot=true, javascriptEnabled=true, cssSelectorsEnabled=true, setWindowRect=true, unexpectedAlertBehaviour=}]
Session ID: a3e82e910a42a31ba4455a54fee9381f
Build info: version: &apos;3.14.0&apos;, revision: &apos;aacccce0&apos;, time: &apos;2018-08-02T20:19:58.91Z&apos;
System info: host: &apos;IBALL-PC&apos;, ip: &apos;192.168.1.152&apos;, os.name: &apos;Windows 7&apos;, os.arch: &apos;amd64&apos;, os.version: &apos;6.1&apos;, java.version: &apos;1.8.0-ea&apos;
Driver info: driver.version: RemoteWebDriver
	at sun.reflect.NativeConstructorAccessorImpl.newInstance0(Native Method)
	at sun.reflect.NativeConstructorAccessorImpl.newInstance(Unknown Source)
	at sun.reflect.DelegatingConstructorAccessorImpl.newInstance(Unknown Source)
	at java.lang.reflect.Constructor.newInstance(Unknown Source)
	at org.openqa.selenium.remote.ErrorHandler.createThrowable(ErrorHandler.java:206)
	at org.openqa.selenium.remote.ErrorHandler.throwIfResponseFailed(ErrorHandler.java:158)
	at org.openqa.selenium.remote.RemoteWebDriver.execute(RemoteWebDriver.java:678)
	at org.openqa.selenium.remote.RemoteWebElement.execute(RemoteWebElement.java:327)
	at org.openqa.selenium.remote.RemoteWebElement.click(RemoteWebElement.java:85)
	at sun.reflect.GeneratedMethodAccessor11.invoke(Unknown Source)
	at sun.reflect.DelegatingMethodAccessorImpl.invoke(Unknown Source)
	at java.lang.reflect.Method.invoke(Unknown Source)
	at org.openqa.selenium.support.events.EventFiringWebDriver$EventFiringWebElement$1.invoke(EventFiringWebDriver.java:335)
	at com.sun.proxy.$Proxy2.click(Unknown Source)
	at org.openqa.selenium.support.events.EventFiringWebDriver$EventFiringWebElement.click(EventFiringWebDriver.java:348)
	at sun.reflect.GeneratedMethodAccessor11.invoke(Unknown Source)
	at sun.reflect.DelegatingMethodAccessorImpl.invoke(Unknown Source)
	at java.lang.reflect.Method.invoke(Unknown Source)
	at org.openqa.selenium.remote.server.KnownElements$1.invoke(KnownElements.java:64)
	at com.sun.proxy.$Proxy3.click(Unknown Source)
	at org.openqa.selenium.remote.server.handler.ClickElement.call(ClickElement.java:30)
	at org.openqa.selenium.remote.server.handler.ClickElement.call(ClickElement.java:1)
	at java.util.concurrent.FutureTask.run(Unknown Source)
	at org.openqa.selenium.remote.server.DefaultSession$1.run(DefaultSession.java:176)
	at java.util.concurrent.ThreadPoolExecutor.runWorker(Unknown Source)
	at java.util.concurrent.ThreadPoolExecutor$Worker.run(Unknown Source)
	at java.lang.Thread.run(Unknown Source)
</pre></div></td>
<td>61</td>
<td>com.index.AddtoCartDeleteIncreaseDecreaseProduct_Index@276438c9</td></tr>
</table><p>
</body>
</html>